{"/Users/auliarachmat/Documents/dpas-microsite/src/api/uob.ts": {"path":"/Users/auliarachmat/Documents/dpas-microsite/src/api/uob.ts","statementMap":{"0":{"start":{"line":9,"column":19},"end":{"line":9,"column":110}},"1":{"start":{"line":10,"column":2},"end":{"line":10,"column":19}},"2":{"start":{"line":14,"column":19},"end":{"line":15,"column":null}},"3":{"start":{"line":17,"column":2},"end":{"line":17,"column":33}},"4":{"start":{"line":22,"column":19},"end":{"line":24,"column":null}},"5":{"start":{"line":26,"column":2},"end":{"line":26,"column":19}},"6":{"start":{"line":31,"column":19},"end":{"line":31,"column":95}},"7":{"start":{"line":32,"column":2},"end":{"line":32,"column":19}},"8":{"start":{"line":37,"column":19},"end":{"line":37,"column":107}},"9":{"start":{"line":38,"column":2},"end":{"line":38,"column":19}},"10":{"start":{"line":43,"column":19},"end":{"line":43,"column":80}},"11":{"start":{"line":44,"column":2},"end":{"line":44,"column":19}},"12":{"start":{"line":47,"column":19},"end":{"line":47,"column":95}},"13":{"start":{"line":48,"column":2},"end":{"line":48,"column":19}},"14":{"start":{"line":51,"column":19},"end":{"line":51,"column":118}},"15":{"start":{"line":52,"column":2},"end":{"line":52,"column":19}},"16":{"start":{"line":55,"column":19},"end":{"line":56,"column":null}},"17":{"start":{"line":58,"column":2},"end":{"line":58,"column":19}},"18":{"start":{"line":63,"column":19},"end":{"line":65,"column":null}},"19":{"start":{"line":67,"column":2},"end":{"line":67,"column":19}},"20":{"start":{"line":72,"column":19},"end":{"line":72,"column":61}},"21":{"start":{"line":73,"column":2},"end":{"line":73,"column":14}},"22":{"start":{"line":76,"column":19},"end":{"line":76,"column":63}},"23":{"start":{"line":77,"column":2},"end":{"line":77,"column":14}},"24":{"start":{"line":80,"column":19},"end":{"line":80,"column":65}},"25":{"start":{"line":81,"column":2},"end":{"line":81,"column":14}},"26":{"start":{"line":84,"column":19},"end":{"line":84,"column":94}},"27":{"start":{"line":85,"column":2},"end":{"line":85,"column":14}}},"fnMap":{"0":{"name":"getProducts","decl":{"start":{"line":8,"column":22},"end":{"line":8,"column":33}},"loc":{"start":{"line":8,"column":71},"end":{"line":11,"column":1}}},"1":{"name":"getProductDetail","decl":{"start":{"line":13,"column":22},"end":{"line":13,"column":38}},"loc":{"start":{"line":13,"column":72},"end":{"line":18,"column":1}}},"2":{"name":"computePremium","decl":{"start":{"line":21,"column":22},"end":{"line":21,"column":36}},"loc":{"start":{"line":21,"column":74},"end":{"line":27,"column":1}}},"3":{"name":"getBankBranches","decl":{"start":{"line":30,"column":22},"end":{"line":30,"column":37}},"loc":{"start":{"line":30,"column":50},"end":{"line":33,"column":1}}},"4":{"name":"lookupByZip","decl":{"start":{"line":36,"column":22},"end":{"line":36,"column":33}},"loc":{"start":{"line":36,"column":43},"end":{"line":39,"column":1}}},"5":{"name":"getProvinces","decl":{"start":{"line":42,"column":22},"end":{"line":42,"column":34}},"loc":{"start":{"line":42,"column":34},"end":{"line":45,"column":1}}},"6":{"name":"getCities","decl":{"start":{"line":46,"column":22},"end":{"line":46,"column":31}},"loc":{"start":{"line":46,"column":59},"end":{"line":49,"column":1}}},"7":{"name":"getDistricts","decl":{"start":{"line":50,"column":22},"end":{"line":50,"column":34}},"loc":{"start":{"line":50,"column":87},"end":{"line":53,"column":1}}},"8":{"name":"getSubdistricts","decl":{"start":{"line":54,"column":22},"end":{"line":54,"column":37}},"loc":{"start":{"line":54,"column":119},"end":{"line":59,"column":1}}},"9":{"name":"getHealthQuestions","decl":{"start":{"line":62,"column":22},"end":{"line":62,"column":40}},"loc":{"start":{"line":62,"column":74},"end":{"line":68,"column":1}}},"10":{"name":"generateSpaj","decl":{"start":{"line":71,"column":22},"end":{"line":71,"column":34}},"loc":{"start":{"line":71,"column":51},"end":{"line":74,"column":1}}},"11":{"name":"generateRipleyPDF","decl":{"start":{"line":75,"column":22},"end":{"line":75,"column":39}},"loc":{"start":{"line":75,"column":56},"end":{"line":78,"column":1}}},"12":{"name":"submitProposal","decl":{"start":{"line":79,"column":22},"end":{"line":79,"column":36}},"loc":{"start":{"line":79,"column":53},"end":{"line":82,"column":1}}},"13":{"name":"getPrupaylinkUrl","decl":{"start":{"line":83,"column":22},"end":{"line":83,"column":38}},"loc":{"start":{"line":83,"column":55},"end":{"line":86,"column":1}}}},"branchMap":{},"s":{"0":0,"1":0,"2":0,"3":0,"4":0,"5":0,"6":0,"7":0,"8":0,"9":0,"10":0,"11":0,"12":0,"13":0,"14":0,"15":0,"16":0,"17":0,"18":0,"19":0,"20":0,"21":0,"22":0,"23":0,"24":0,"25":0,"26":0,"27":0},"f":{"0":0,"1":0,"2":0,"3":0,"4":0,"5":0,"6":0,"7":0,"8":0,"9":0,"10":0,"11":0,"12":0,"13":0},"b":{}}
,"/Users/auliarachmat/Documents/dpas-microsite/src/app/router.tsx": {"path":"/Users/auliarachmat/Documents/dpas-microsite/src/app/router.tsx","statementMap":{"0":{"start":{"line":6,"column":17},"end":{"line":6,"column":60}},"1":{"start":{"line":6,"column":28},"end":{"line":6,"column":59}},"2":{"start":{"line":7,"column":20},"end":{"line":7,"column":69}},"3":{"start":{"line":7,"column":31},"end":{"line":7,"column":68}},"4":{"start":{"line":8,"column":26},"end":{"line":8,"column":88}},"5":{"start":{"line":8,"column":37},"end":{"line":8,"column":87}},"6":{"start":{"line":9,"column":21},"end":{"line":9,"column":72}},"7":{"start":{"line":9,"column":32},"end":{"line":9,"column":71}},"8":{"start":{"line":10,"column":28},"end":{"line":10,"column":92}},"9":{"start":{"line":10,"column":39},"end":{"line":10,"column":91}},"10":{"start":{"line":11,"column":19},"end":{"line":11,"column":66}},"11":{"start":{"line":11,"column":30},"end":{"line":11,"column":65}},"12":{"start":{"line":12,"column":20},"end":{"line":12,"column":69}},"13":{"start":{"line":12,"column":31},"end":{"line":12,"column":68}},"14":{"start":{"line":13,"column":21},"end":{"line":13,"column":73}},"15":{"start":{"line":13,"column":32},"end":{"line":13,"column":72}},"16":{"start":{"line":15,"column":37},"end":{"line":30,"column":null}},"17":{"start":{"line":32,"column":22},"end":{"line":32,"column":49}}},"fnMap":{"0":{"name":"(anonymous_0)","decl":{"start":{"line":6,"column":22},"end":{"line":6,"column":25}},"loc":{"start":{"line":6,"column":28},"end":{"line":6,"column":59}}},"1":{"name":"(anonymous_1)","decl":{"start":{"line":7,"column":25},"end":{"line":7,"column":28}},"loc":{"start":{"line":7,"column":31},"end":{"line":7,"column":68}}},"2":{"name":"(anonymous_2)","decl":{"start":{"line":8,"column":31},"end":{"line":8,"column":34}},"loc":{"start":{"line":8,"column":37},"end":{"line":8,"column":87}}},"3":{"name":"(anonymous_3)","decl":{"start":{"line":9,"column":26},"end":{"line":9,"column":29}},"loc":{"start":{"line":9,"column":32},"end":{"line":9,"column":71}}},"4":{"name":"(anonymous_4)","decl":{"start":{"line":10,"column":33},"end":{"line":10,"column":36}},"loc":{"start":{"line":10,"column":39},"end":{"line":10,"column":91}}},"5":{"name":"(anonymous_5)","decl":{"start":{"line":11,"column":24},"end":{"line":11,"column":27}},"loc":{"start":{"line":11,"column":30},"end":{"line":11,"column":65}}},"6":{"name":"(anonymous_6)","decl":{"start":{"line":12,"column":25},"end":{"line":12,"column":28}},"loc":{"start":{"line":12,"column":31},"end":{"line":12,"column":68}}},"7":{"name":"(anonymous_7)","decl":{"start":{"line":13,"column":26},"end":{"line":13,"column":29}},"loc":{"start":{"line":13,"column":32},"end":{"line":13,"column":72}}}},"branchMap":{},"s":{"0":0,"1":0,"2":0,"3":0,"4":0,"5":0,"6":0,"7":0,"8":0,"9":0,"10":0,"11":0,"12":0,"13":0,"14":0,"15":0,"16":0,"17":0},"f":{"0":0,"1":0,"2":0,"3":0,"4":0,"5":0,"6":0,"7":0},"b":{}}
,"/Users/auliarachmat/Documents/dpas-microsite/src/app/layout/RootLayout.tsx": {"path":"/Users/auliarachmat/Documents/dpas-microsite/src/app/layout/RootLayout.tsx","statementMap":{"0":{"start":{"line":6,"column":23},"end":{"line":6,"column":36}},"1":{"start":{"line":7,"column":24},"end":{"line":7,"column":40}},"2":{"start":{"line":8,"column":2},"end":{"line":16,"column":null}}},"fnMap":{"0":{"name":"RootLayout","decl":{"start":{"line":5,"column":24},"end":{"line":5,"column":34}},"loc":{"start":{"line":5,"column":34},"end":{"line":17,"column":1}}}},"branchMap":{"0":{"loc":{"start":{"line":12,"column":24},"end":{"line":12,"column":53}},"type":"cond-expr","locations":[{"start":{"line":12,"column":40},"end":{"line":12,"column":45}},{"start":{"line":12,"column":48},"end":{"line":12,"column":53}}]}},"s":{"0":0,"1":0,"2":0},"f":{"0":0},"b":{"0":[0,0]}}
,"/Users/auliarachmat/Documents/dpas-microsite/src/app/services/address.ts": {"path":"/Users/auliarachmat/Documents/dpas-microsite/src/app/services/address.ts","statementMap":{"0":{"start":{"line":4,"column":27},"end":{"line":10,"column":1}},"1":{"start":{"line":5,"column":19},"end":{"line":7,"column":null}},"2":{"start":{"line":9,"column":2},"end":{"line":9,"column":19}}},"fnMap":{"0":{"name":"(anonymous_0)","decl":{"start":{"line":4,"column":27},"end":{"line":4,"column":32}},"loc":{"start":{"line":4,"column":70},"end":{"line":10,"column":1}}}},"branchMap":{},"s":{"0":0,"1":0,"2":0},"f":{"0":0},"b":{}}
,"/Users/auliarachmat/Documents/dpas-microsite/src/app/services/location.ts": {"path":"/Users/auliarachmat/Documents/dpas-microsite/src/app/services/location.ts","statementMap":{"0":{"start":{"line":5,"column":28},"end":{"line":8,"column":1}},"1":{"start":{"line":6,"column":19},"end":{"line":6,"column":66}},"2":{"start":{"line":7,"column":2},"end":{"line":7,"column":null}},"3":{"start":{"line":10,"column":25},"end":{"line":13,"column":1}},"4":{"start":{"line":11,"column":19},"end":{"line":11,"column":89}},"5":{"start":{"line":12,"column":2},"end":{"line":12,"column":null}},"6":{"start":{"line":15,"column":28},"end":{"line":18,"column":1}},"7":{"start":{"line":16,"column":19},"end":{"line":16,"column":88}},"8":{"start":{"line":17,"column":2},"end":{"line":17,"column":null}},"9":{"start":{"line":20,"column":31},"end":{"line":23,"column":1}},"10":{"start":{"line":21,"column":19},"end":{"line":21,"column":95}},"11":{"start":{"line":22,"column":2},"end":{"line":22,"column":null}}},"fnMap":{"0":{"name":"(anonymous_0)","decl":{"start":{"line":5,"column":28},"end":{"line":5,"column":33}},"loc":{"start":{"line":5,"column":58},"end":{"line":8,"column":1}}},"1":{"name":"(anonymous_1)","decl":{"start":{"line":10,"column":25},"end":{"line":10,"column":30}},"loc":{"start":{"line":10,"column":71},"end":{"line":13,"column":1}}},"2":{"name":"(anonymous_2)","decl":{"start":{"line":15,"column":28},"end":{"line":15,"column":33}},"loc":{"start":{"line":15,"column":70},"end":{"line":18,"column":1}}},"3":{"name":"(anonymous_3)","decl":{"start":{"line":20,"column":31},"end":{"line":20,"column":36}},"loc":{"start":{"line":20,"column":77},"end":{"line":23,"column":1}}}},"branchMap":{},"s":{"0":0,"1":0,"2":0,"3":0,"4":0,"5":0,"6":0,"7":0,"8":0,"9":0,"10":0,"11":0},"f":{"0":0,"1":0,"2":0,"3":0},"b":{}}
,"/Users/auliarachmat/Documents/dpas-microsite/src/app/services/options.ts": {"path":"/Users/auliarachmat/Documents/dpas-microsite/src/app/services/options.ts","statementMap":{"0":{"start":{"line":4,"column":27},"end":{"line":7,"column":1}},"1":{"start":{"line":5,"column":19},"end":{"line":5,"column":55}},"2":{"start":{"line":6,"column":2},"end":{"line":6,"column":14}},"3":{"start":{"line":9,"column":23},"end":{"line":12,"column":1}},"4":{"start":{"line":10,"column":19},"end":{"line":10,"column":51}},"5":{"start":{"line":11,"column":2},"end":{"line":11,"column":14}},"6":{"start":{"line":14,"column":27},"end":{"line":17,"column":1}},"7":{"start":{"line":15,"column":19},"end":{"line":15,"column":55}},"8":{"start":{"line":16,"column":2},"end":{"line":16,"column":14}}},"fnMap":{"0":{"name":"(anonymous_0)","decl":{"start":{"line":4,"column":27},"end":{"line":4,"column":32}},"loc":{"start":{"line":4,"column":57},"end":{"line":7,"column":1}}},"1":{"name":"(anonymous_1)","decl":{"start":{"line":9,"column":23},"end":{"line":9,"column":28}},"loc":{"start":{"line":9,"column":53},"end":{"line":12,"column":1}}},"2":{"name":"(anonymous_2)","decl":{"start":{"line":14,"column":27},"end":{"line":14,"column":32}},"loc":{"start":{"line":14,"column":57},"end":{"line":17,"column":1}}}},"branchMap":{},"s":{"0":0,"1":0,"2":0,"3":0,"4":0,"5":0,"6":0,"7":0,"8":0},"f":{"0":0,"1":0,"2":0},"b":{}}
,"/Users/auliarachmat/Documents/dpas-microsite/src/app/services/product.ts": {"path":"/Users/auliarachmat/Documents/dpas-microsite/src/app/services/product.ts","statementMap":{"0":{"start":{"line":4,"column":27},"end":{"line":13,"column":1}},"1":{"start":{"line":8,"column":19},"end":{"line":10,"column":null}},"2":{"start":{"line":12,"column":2},"end":{"line":12,"column":19}},"3":{"start":{"line":15,"column":32},"end":{"line":23,"column":1}},"4":{"start":{"line":19,"column":19},"end":{"line":21,"column":49}},"5":{"start":{"line":22,"column":2},"end":{"line":22,"column":33}},"6":{"start":{"line":25,"column":30},"end":{"line":34,"column":1}},"7":{"start":{"line":29,"column":19},"end":{"line":31,"column":null}},"8":{"start":{"line":33,"column":2},"end":{"line":33,"column":19}}},"fnMap":{"0":{"name":"(anonymous_0)","decl":{"start":{"line":4,"column":27},"end":{"line":4,"column":32}},"loc":{"start":{"line":7,"column":32},"end":{"line":13,"column":1}}},"1":{"name":"(anonymous_1)","decl":{"start":{"line":15,"column":32},"end":{"line":15,"column":37}},"loc":{"start":{"line":18,"column":40},"end":{"line":23,"column":1}}},"2":{"name":"(anonymous_2)","decl":{"start":{"line":25,"column":30},"end":{"line":25,"column":35}},"loc":{"start":{"line":28,"column":32},"end":{"line":34,"column":1}}}},"branchMap":{},"s":{"0":0,"1":0,"2":0,"3":0,"4":0,"5":0,"6":0,"7":0,"8":0},"f":{"0":0,"1":0,"2":0},"b":{}}
,"/Users/auliarachmat/Documents/dpas-microsite/src/components/cards/BenefitCards.tsx": {"path":"/Users/auliarachmat/Documents/dpas-microsite/src/components/cards/BenefitCards.tsx","statementMap":{"0":{"start":{"line":25,"column":4},"end":{"line":60,"column":null}}},"fnMap":{"0":{"name":"BenefitCard","decl":{"start":{"line":16,"column":24},"end":{"line":16,"column":35}},"loc":{"start":{"line":24,"column":19},"end":{"line":61,"column":1}}}},"branchMap":{"0":{"loc":{"start":{"line":20,"column":4},"end":{"line":20,"column":20}},"type":"default-arg","locations":[{"start":{"line":20,"column":15},"end":{"line":20,"column":20}}]},"1":{"loc":{"start":{"line":21,"column":4},"end":{"line":21,"column":14}},"type":"default-arg","locations":[{"start":{"line":21,"column":11},"end":{"line":21,"column":14}}]},"2":{"loc":{"start":{"line":32,"column":13},"end":{"line":37,"column":null}},"type":"binary-expr","locations":[{"start":{"line":32,"column":13},"end":{"line":32,"column":21}},{"start":{"line":33,"column":16},"end":{"line":37,"column":null}}]}},"s":{"0":0},"f":{"0":0},"b":{"0":[0],"1":[0],"2":[0,0]}}
,"/Users/auliarachmat/Documents/dpas-microsite/src/components/common/DialogComponent.tsx": {"path":"/Users/auliarachmat/Documents/dpas-microsite/src/components/common/DialogComponent.tsx","statementMap":{"0":{"start":{"line":34,"column":2},"end":{"line":73,"column":null}}},"fnMap":{"0":{"name":"DialogComponent","decl":{"start":{"line":21,"column":16},"end":{"line":21,"column":31}},"loc":{"start":{"line":33,"column":8},"end":{"line":74,"column":1}}}},"branchMap":{"0":{"loc":{"start":{"line":40,"column":13},"end":{"line":42,"column":20}},"type":"cond-expr","locations":[{"start":{"line":41,"column":14},"end":{"line":41,"column":120}},{"start":{"line":42,"column":16},"end":{"line":42,"column":20}}]},"1":{"loc":{"start":{"line":52,"column":11},"end":{"line":69,"column":18}},"type":"cond-expr","locations":[{"start":{"line":53,"column":12},"end":{"line":67,"column":null}},{"start":{"line":69,"column":14},"end":{"line":69,"column":18}}]},"2":{"loc":{"start":{"line":53,"column":12},"end":{"line":67,"column":null}},"type":"cond-expr","locations":[{"start":{"line":54,"column":14},"end":{"line":59,"column":null}},{"start":{"line":62,"column":14},"end":{"line":66,"column":null}}]}},"s":{"0":0},"f":{"0":0},"b":{"0":[0,0],"1":[0,0],"2":[0,0]}}
,"/Users/auliarachmat/Documents/dpas-microsite/src/components/common/FixedBottomBar.tsx": {"path":"/Users/auliarachmat/Documents/dpas-microsite/src/components/common/FixedBottomBar.tsx","statementMap":{"0":{"start":{"line":5,"column":2},"end":{"line":14,"column":null}},"1":{"start":{"line":6,"column":4},"end":{"line":6,"column":47}},"2":{"start":{"line":6,"column":41},"end":{"line":6,"column":47}},"3":{"start":{"line":7,"column":17},"end":{"line":7,"column":50}},"4":{"start":{"line":8,"column":4},"end":{"line":10,"column":5}},"5":{"start":{"line":9,"column":6},"end":{"line":9,"column":null}},"6":{"start":{"line":11,"column":4},"end":{"line":13,"column":null}},"7":{"start":{"line":12,"column":6},"end":{"line":12,"column":null}},"8":{"start":{"line":18,"column":2},"end":{"line":18,"column":null}},"9":{"start":{"line":18,"column":39},"end":{"line":18,"column":null}},"10":{"start":{"line":19,"column":14},"end":{"line":19,"column":55}},"11":{"start":{"line":20,"column":20},"end":{"line":20,"column":55}},"12":{"start":{"line":22,"column":2},"end":{"line":34,"column":null}},"13":{"start":{"line":23,"column":15},"end":{"line":23,"column":26}},"14":{"start":{"line":24,"column":4},"end":{"line":24,"column":19}},"15":{"start":{"line":24,"column":13},"end":{"line":24,"column":19}},"16":{"start":{"line":25,"column":19},"end":{"line":25,"column":46}},"17":{"start":{"line":25,"column":25},"end":{"line":25,"column":46}},"18":{"start":{"line":26,"column":4},"end":{"line":26,"column":null}},"19":{"start":{"line":27,"column":15},"end":{"line":27,"column":41}},"20":{"start":{"line":28,"column":4},"end":{"line":28,"column":null}},"21":{"start":{"line":29,"column":4},"end":{"line":29,"column":null}},"22":{"start":{"line":30,"column":4},"end":{"line":33,"column":null}},"23":{"start":{"line":31,"column":6},"end":{"line":31,"column":null}},"24":{"start":{"line":32,"column":6},"end":{"line":32,"column":null}},"25":{"start":{"line":36,"column":2},"end":{"line":36,"column":null}},"26":{"start":{"line":37,"column":2},"end":{"line":42,"column":null}}},"fnMap":{"0":{"name":"useBodyBottomPadding","decl":{"start":{"line":4,"column":9},"end":{"line":4,"column":29}},"loc":{"start":{"line":4,"column":51},"end":{"line":15,"column":1}}},"1":{"name":"(anonymous_1)","decl":{"start":{"line":5,"column":18},"end":{"line":5,"column":21}},"loc":{"start":{"line":5,"column":23},"end":{"line":14,"column":3}}},"2":{"name":"(anonymous_2)","decl":{"start":{"line":11,"column":11},"end":{"line":11,"column":14}},"loc":{"start":{"line":11,"column":16},"end":{"line":13,"column":5}}},"3":{"name":"FixedBottomBar","decl":{"start":{"line":17,"column":24},"end":{"line":17,"column":38}},"loc":{"start":{"line":17,"column":82},"end":{"line":43,"column":1}}},"4":{"name":"(anonymous_4)","decl":{"start":{"line":22,"column":18},"end":{"line":22,"column":21}},"loc":{"start":{"line":22,"column":23},"end":{"line":34,"column":3}}},"5":{"name":"(anonymous_5)","decl":{"start":{"line":25,"column":19},"end":{"line":25,"column":22}},"loc":{"start":{"line":25,"column":25},"end":{"line":25,"column":46}}},"6":{"name":"(anonymous_6)","decl":{"start":{"line":30,"column":11},"end":{"line":30,"column":14}},"loc":{"start":{"line":30,"column":16},"end":{"line":33,"column":5}}}},"branchMap":{"0":{"loc":{"start":{"line":6,"column":4},"end":{"line":6,"column":47}},"type":"if","locations":[{"start":{"line":6,"column":4},"end":{"line":6,"column":47}},{"start":{},"end":{}}]},"1":{"loc":{"start":{"line":8,"column":4},"end":{"line":10,"column":5}},"type":"if","locations":[{"start":{"line":8,"column":4},"end":{"line":10,"column":5}},{"start":{},"end":{}}]},"2":{"loc":{"start":{"line":18,"column":2},"end":{"line":18,"column":null}},"type":"if","locations":[{"start":{"line":18,"column":2},"end":{"line":18,"column":null}},{"start":{},"end":{}}]},"3":{"loc":{"start":{"line":24,"column":4},"end":{"line":24,"column":19}},"type":"if","locations":[{"start":{"line":24,"column":4},"end":{"line":24,"column":19}},{"start":{},"end":{}}]}},"s":{"0":0,"1":0,"2":0,"3":0,"4":0,"5":0,"6":0,"7":0,"8":0,"9":0,"10":0,"11":0,"12":0,"13":0,"14":0,"15":0,"16":0,"17":0,"18":0,"19":0,"20":0,"21":0,"22":0,"23":0,"24":0,"25":0,"26":0},"f":{"0":0,"1":0,"2":0,"3":0,"4":0,"5":0,"6":0},"b":{"0":[0,0],"1":[0,0],"2":[0,0],"3":[0,0]}}
,"/Users/auliarachmat/Documents/dpas-microsite/src/components/common/Footer.tsx": {"path":"/Users/auliarachmat/Documents/dpas-microsite/src/components/common/Footer.tsx","statementMap":{"0":{"start":{"line":6,"column":32},"end":{"line":65,"column":1}},"1":{"start":{"line":7,"column":16},"end":{"line":7,"column":40}},"2":{"start":{"line":8,"column":23},"end":{"line":8,"column":36}},"3":{"start":{"line":9,"column":20},"end":{"line":9,"column":44}},"4":{"start":{"line":11,"column":16},"end":{"line":11,"column":33}},"5":{"start":{"line":12,"column":16},"end":{"line":12,"column":33}},"6":{"start":{"line":13,"column":18},"end":{"line":13,"column":37}},"7":{"start":{"line":14,"column":18},"end":{"line":14,"column":51}},"8":{"start":{"line":15,"column":19},"end":{"line":15,"column":36}},"9":{"start":{"line":16,"column":18},"end":{"line":16,"column":77}},"10":{"start":{"line":18,"column":2},"end":{"line":64,"column":null}}},"fnMap":{"0":{"name":"(anonymous_0)","decl":{"start":{"line":6,"column":32},"end":{"line":6,"column":35}},"loc":{"start":{"line":6,"column":37},"end":{"line":65,"column":1}}}},"branchMap":{"0":{"loc":{"start":{"line":16,"column":18},"end":{"line":16,"column":77}},"type":"cond-expr","locations":[{"start":{"line":16,"column":47},"end":{"line":16,"column":54}},{"start":{"line":16,"column":57},"end":{"line":16,"column":77}}]},"1":{"loc":{"start":{"line":20,"column":7},"end":{"line":60,"column":null}},"type":"binary-expr","locations":[{"start":{"line":20,"column":7},"end":{"line":20,"column":17}},{"start":{"line":21,"column":8},"end":{"line":60,"column":null}}]}},"s":{"0":0,"1":0,"2":0,"3":0,"4":0,"5":0,"6":0,"7":0,"8":0,"9":0,"10":0},"f":{"0":0},"b":{"0":[0,0],"1":[0,0]}}
,"/Users/auliarachmat/Documents/dpas-microsite/src/components/common/HeroHeader.tsx": {"path":"/Users/auliarachmat/Documents/dpas-microsite/src/components/common/HeroHeader.tsx","statementMap":{"0":{"start":{"line":10,"column":25},"end":{"line":10,"column":38}},"1":{"start":{"line":11,"column":18},"end":{"line":11,"column":42}},"2":{"start":{"line":13,"column":26},"end":{"line":13,"column":42}},"3":{"start":{"line":14,"column":22},"end":{"line":14,"column":46}},"4":{"start":{"line":16,"column":4},"end":{"line":86,"column":null}}},"fnMap":{"0":{"name":"HeroHeader","decl":{"start":{"line":9,"column":24},"end":{"line":9,"column":34}},"loc":{"start":{"line":9,"column":34},"end":{"line":87,"column":1}}}},"branchMap":{"0":{"loc":{"start":{"line":18,"column":13},"end":{"line":82,"column":null}},"type":"binary-expr","locations":[{"start":{"line":18,"column":13},"end":{"line":18,"column":23}},{"start":{"line":19,"column":16},"end":{"line":82,"column":null}}]},"1":{"loc":{"start":{"line":22,"column":33},"end":{"line":78,"column":null}},"type":"cond-expr","locations":[{"start":{"line":23,"column":32},"end":{"line":37,"column":null}},{"start":{"line":40,"column":32},"end":{"line":78,"column":null}}]}},"s":{"0":0,"1":0,"2":0,"3":0,"4":0},"f":{"0":0},"b":{"0":[0,0],"1":[0,0]}}
,"/Users/auliarachmat/Documents/dpas-microsite/src/components/form/date-field.tsx": {"path":"/Users/auliarachmat/Documents/dpas-microsite/src/components/form/date-field.tsx","statementMap":{"0":{"start":{"line":25,"column":26},"end":{"line":25,"column":47}},"1":{"start":{"line":26,"column":2},"end":{"line":26,"column":null}},"2":{"start":{"line":28,"column":2},"end":{"line":71,"column":null}},"3":{"start":{"line":58,"column":18},"end":{"line":58,"column":null}},"4":{"start":{"line":59,"column":18},"end":{"line":59,"column":null}},"5":{"start":{"line":59,"column":25},"end":{"line":59,"column":null}}},"fnMap":{"0":{"name":"DateField","decl":{"start":{"line":18,"column":16},"end":{"line":18,"column":25}},"loc":{"start":{"line":24,"column":8},"end":{"line":72,"column":1}}},"1":{"name":"(anonymous_1)","decl":{"start":{"line":57,"column":26},"end":{"line":57,"column":27}},"loc":{"start":{"line":57,"column":32},"end":{"line":60,"column":17}}}},"branchMap":{"0":{"loc":{"start":{"line":43,"column":18},"end":{"line":43,"column":51}},"type":"binary-expr","locations":[{"start":{"line":43,"column":18},"end":{"line":43,"column":24}},{"start":{"line":43,"column":28},"end":{"line":43,"column":51}}]},"1":{"loc":{"start":{"line":46,"column":17},"end":{"line":49,"column":null}},"type":"cond-expr","locations":[{"start":{"line":46,"column":25},"end":{"line":46,"column":52}},{"start":{"line":47,"column":18},"end":{"line":48,"column":null}}]},"2":{"loc":{"start":{"line":48,"column":28},"end":{"line":48,"column":90}},"type":"cond-expr","locations":[{"start":{"line":48,"column":43},"end":{"line":48,"column":83}},{"start":{"line":48,"column":86},"end":{"line":48,"column":90}}]},"3":{"loc":{"start":{"line":59,"column":18},"end":{"line":59,"column":null}},"type":"if","locations":[{"start":{"line":59,"column":18},"end":{"line":59,"column":null}},{"start":{},"end":{}}]}},"s":{"0":0,"1":0,"2":0,"3":0,"4":0,"5":0},"f":{"0":0,"1":0},"b":{"0":[0,0],"1":[0,0],"2":[0,0],"3":[0,0]}}
,"/Users/auliarachmat/Documents/dpas-microsite/src/components/form/floating-field.tsx": {"path":"/Users/auliarachmat/Documents/dpas-microsite/src/components/form/floating-field.tsx","statementMap":{"0":{"start":{"line":11,"column":2},"end":{"line":11,"column":null}},"1":{"start":{"line":13,"column":2},"end":{"line":39,"column":null}}},"fnMap":{"0":{"name":"FloatingField","decl":{"start":{"line":10,"column":16},"end":{"line":10,"column":29}},"loc":{"start":{"line":10,"column":85},"end":{"line":40,"column":1}}}},"branchMap":{},"s":{"0":0,"1":0},"f":{"0":0},"b":{}}
,"/Users/auliarachmat/Documents/dpas-microsite/src/components/form/floating-select.tsx": {"path":"/Users/auliarachmat/Documents/dpas-microsite/src/components/form/floating-select.tsx","statementMap":{"0":{"start":{"line":26,"column":2},"end":{"line":66,"column":null}}},"fnMap":{"0":{"name":"FloatingSelect","decl":{"start":{"line":17,"column":16},"end":{"line":17,"column":30}},"loc":{"start":{"line":25,"column":8},"end":{"line":67,"column":1}}}},"branchMap":{},"s":{"0":0},"f":{"0":0},"b":{}}
,"/Users/auliarachmat/Documents/dpas-microsite/src/components/form/phone-field.tsx": {"path":"/Users/auliarachmat/Documents/dpas-microsite/src/components/form/phone-field.tsx","statementMap":{"0":{"start":{"line":28,"column":4},"end":{"line":28,"column":null}},"1":{"start":{"line":29,"column":16},"end":{"line":29,"column":52}},"2":{"start":{"line":30,"column":21},"end":{"line":30,"column":45}},"3":{"start":{"line":32,"column":69},"end":{"line":35,"column":5}},"4":{"start":{"line":33,"column":27},"end":{"line":33,"column":63}},"5":{"start":{"line":34,"column":8},"end":{"line":34,"column":null}},"6":{"start":{"line":37,"column":4},"end":{"line":79,"column":null}},"7":{"start":{"line":42,"column":35},"end":{"line":42,"column":55}}},"fnMap":{"0":{"name":"PhoneField","decl":{"start":{"line":20,"column":16},"end":{"line":20,"column":26}},"loc":{"start":{"line":27,"column":8},"end":{"line":80,"column":1}}},"1":{"name":"(anonymous_1)","decl":{"start":{"line":32,"column":69},"end":{"line":32,"column":70}},"loc":{"start":{"line":32,"column":75},"end":{"line":35,"column":5}}},"2":{"name":"(anonymous_2)","decl":{"start":{"line":42,"column":29},"end":{"line":42,"column":32}},"loc":{"start":{"line":42,"column":35},"end":{"line":42,"column":55}}}},"branchMap":{"0":{"loc":{"start":{"line":24,"column":4},"end":{"line":24,"column":18}},"type":"default-arg","locations":[{"start":{"line":24,"column":13},"end":{"line":24,"column":18}}]},"1":{"loc":{"start":{"line":30,"column":22},"end":{"line":30,"column":33}},"type":"binary-expr","locations":[{"start":{"line":30,"column":22},"end":{"line":30,"column":27}},{"start":{"line":30,"column":31},"end":{"line":30,"column":33}}]},"2":{"loc":{"start":{"line":56,"column":35},"end":{"line":56,"column":46}},"type":"binary-expr","locations":[{"start":{"line":56,"column":35},"end":{"line":56,"column":40}},{"start":{"line":56,"column":44},"end":{"line":56,"column":46}}]},"3":{"loc":{"start":{"line":65,"column":28},"end":{"line":65,"column":66}},"type":"cond-expr","locations":[{"start":{"line":65,"column":39},"end":{"line":65,"column":50}},{"start":{"line":65,"column":53},"end":{"line":65,"column":66}}]},"4":{"loc":{"start":{"line":71,"column":25},"end":{"line":71,"column":87}},"type":"cond-expr","locations":[{"start":{"line":71,"column":40},"end":{"line":71,"column":80}},{"start":{"line":71,"column":83},"end":{"line":71,"column":87}}]}},"s":{"0":0,"1":0,"2":0,"3":0,"4":0,"5":0,"6":0,"7":0},"f":{"0":0,"1":0,"2":0},"b":{"0":[0],"1":[0,0],"2":[0,0],"3":[0,0],"4":[0,0]}}
,"/Users/auliarachmat/Documents/dpas-microsite/src/components/form/rhf-fields.tsx": {"path":"/Users/auliarachmat/Documents/dpas-microsite/src/components/form/rhf-fields.tsx","statementMap":{"0":{"start":{"line":21,"column":22},"end":{"line":21,"column":38}},"1":{"start":{"line":22,"column":2},"end":{"line":40,"column":4}},"2":{"start":{"line":27,"column":8},"end":{"line":36,"column":null}},"3":{"start":{"line":53,"column":22},"end":{"line":53,"column":38}},"4":{"start":{"line":54,"column":2},"end":{"line":75,"column":4}},"5":{"start":{"line":59,"column":8},"end":{"line":71,"column":null}},"6":{"start":{"line":61,"column":32},"end":{"line":61,"column":72}},"7":{"start":{"line":86,"column":22},"end":{"line":86,"column":38}},"8":{"start":{"line":87,"column":2},"end":{"line":106,"column":4}},"9":{"start":{"line":92,"column":8},"end":{"line":102,"column":null}},"10":{"start":{"line":117,"column":22},"end":{"line":117,"column":38}},"11":{"start":{"line":118,"column":2},"end":{"line":137,"column":4}},"12":{"start":{"line":123,"column":8},"end":{"line":133,"column":null}}},"fnMap":{"0":{"name":"RHFTextField","decl":{"start":{"line":13,"column":16},"end":{"line":13,"column":28}},"loc":{"start":{"line":20,"column":37},"end":{"line":41,"column":1}}},"1":{"name":"(anonymous_1)","decl":{"start":{"line":26,"column":14},"end":{"line":26,"column":15}},"loc":{"start":{"line":27,"column":8},"end":{"line":36,"column":null}}},"2":{"name":"RHFSelectField","decl":{"start":{"line":43,"column":16},"end":{"line":43,"column":30}},"loc":{"start":{"line":52,"column":91},"end":{"line":76,"column":1}}},"3":{"name":"(anonymous_3)","decl":{"start":{"line":58,"column":14},"end":{"line":58,"column":15}},"loc":{"start":{"line":59,"column":8},"end":{"line":71,"column":null}}},"4":{"name":"(anonymous_4)","decl":{"start":{"line":61,"column":25},"end":{"line":61,"column":26}},"loc":{"start":{"line":61,"column":32},"end":{"line":61,"column":72}}},"5":{"name":"RHFPhoneField","decl":{"start":{"line":78,"column":16},"end":{"line":78,"column":29}},"loc":{"start":{"line":85,"column":37},"end":{"line":107,"column":1}}},"6":{"name":"(anonymous_6)","decl":{"start":{"line":91,"column":14},"end":{"line":91,"column":15}},"loc":{"start":{"line":92,"column":8},"end":{"line":102,"column":null}}},"7":{"name":"RHFDateField","decl":{"start":{"line":109,"column":16},"end":{"line":109,"column":28}},"loc":{"start":{"line":116,"column":37},"end":{"line":138,"column":1}}},"8":{"name":"(anonymous_8)","decl":{"start":{"line":122,"column":14},"end":{"line":122,"column":15}},"loc":{"start":{"line":123,"column":8},"end":{"line":133,"column":null}}}},"branchMap":{"0":{"loc":{"start":{"line":17,"column":2},"end":{"line":17,"column":37}},"type":"default-arg","locations":[{"start":{"line":17,"column":21},"end":{"line":17,"column":37}}]},"1":{"loc":{"start":{"line":33,"column":15},"end":{"line":33,"column":71}},"type":"binary-expr","locations":[{"start":{"line":33,"column":15},"end":{"line":33,"column":27}},{"start":{"line":33,"column":31},"end":{"line":33,"column":71}}]},"2":{"loc":{"start":{"line":48,"column":2},"end":{"line":48,"column":37}},"type":"default-arg","locations":[{"start":{"line":48,"column":21},"end":{"line":48,"column":37}}]},"3":{"loc":{"start":{"line":61,"column":47},"end":{"line":61,"column":71}},"type":"cond-expr","locations":[{"start":{"line":61,"column":57},"end":{"line":61,"column":67}},{"start":{"line":61,"column":70},"end":{"line":61,"column":71}}]},"4":{"loc":{"start":{"line":65,"column":15},"end":{"line":65,"column":71}},"type":"binary-expr","locations":[{"start":{"line":65,"column":15},"end":{"line":65,"column":27}},{"start":{"line":65,"column":31},"end":{"line":65,"column":71}}]},"5":{"loc":{"start":{"line":82,"column":2},"end":{"line":82,"column":37}},"type":"default-arg","locations":[{"start":{"line":82,"column":21},"end":{"line":82,"column":37}}]},"6":{"loc":{"start":{"line":98,"column":15},"end":{"line":98,"column":71}},"type":"binary-expr","locations":[{"start":{"line":98,"column":15},"end":{"line":98,"column":27}},{"start":{"line":98,"column":31},"end":{"line":98,"column":71}}]},"7":{"loc":{"start":{"line":129,"column":15},"end":{"line":129,"column":71}},"type":"binary-expr","locations":[{"start":{"line":129,"column":15},"end":{"line":129,"column":27}},{"start":{"line":129,"column":31},"end":{"line":129,"column":71}}]}},"s":{"0":0,"1":0,"2":0,"3":0,"4":0,"5":0,"6":0,"7":0,"8":0,"9":0,"10":0,"11":0,"12":0},"f":{"0":0,"1":0,"2":0,"3":0,"4":0,"5":0,"6":0,"7":0,"8":0},"b":{"0":[0],"1":[0,0],"2":[0],"3":[0,0],"4":[0,0],"5":[0],"6":[0,0],"7":[0,0]}}
,"/Users/auliarachmat/Documents/dpas-microsite/src/components/ui/button.tsx": {"path":"/Users/auliarachmat/Documents/dpas-microsite/src/components/ui/button.tsx","statementMap":{"0":{"start":{"line":7,"column":23},"end":{"line":34,"column":null}},"1":{"start":{"line":43,"column":15},"end":{"line":53,"column":null}},"2":{"start":{"line":45,"column":17},"end":{"line":45,"column":42}},"3":{"start":{"line":46,"column":4},"end":{"line":52,"column":null}},"4":{"start":{"line":55,"column":0},"end":{"line":55,"column":null}}},"fnMap":{"0":{"name":"(anonymous_0)","decl":{"start":{"line":44,"column":2},"end":{"line":44,"column":3}},"loc":{"start":{"line":44,"column":67},"end":{"line":53,"column":3}}}},"branchMap":{"0":{"loc":{"start":{"line":44,"column":31},"end":{"line":44,"column":46}},"type":"default-arg","locations":[{"start":{"line":44,"column":41},"end":{"line":44,"column":46}}]},"1":{"loc":{"start":{"line":45,"column":17},"end":{"line":45,"column":42}},"type":"cond-expr","locations":[{"start":{"line":45,"column":27},"end":{"line":45,"column":31}},{"start":{"line":45,"column":34},"end":{"line":45,"column":42}}]}},"s":{"0":0,"1":0,"2":0,"3":0,"4":0},"f":{"0":0},"b":{"0":[0],"1":[0,0]}}
,"/Users/auliarachmat/Documents/dpas-microsite/src/components/ui/calendar.tsx": {"path":"/Users/auliarachmat/Documents/dpas-microsite/src/components/ui/calendar.tsx","statementMap":{"0":{"start":{"line":24,"column":28},"end":{"line":24,"column":50}},"1":{"start":{"line":26,"column":2},"end":{"line":170,"column":null}},"2":{"start":{"line":38,"column":10},"end":{"line":38,"column":60}},"3":{"start":{"line":127,"column":10},"end":{"line":134,"column":null}},"4":{"start":{"line":137,"column":10},"end":{"line":141,"column":11}},"5":{"start":{"line":138,"column":12},"end":{"line":140,"column":null}},"6":{"start":{"line":143,"column":10},"end":{"line":150,"column":11}},"7":{"start":{"line":144,"column":12},"end":{"line":149,"column":null}},"8":{"start":{"line":152,"column":10},"end":{"line":154,"column":null}},"9":{"start":{"line":158,"column":10},"end":{"line":164,"column":null}},"10":{"start":{"line":179,"column":28},"end":{"line":179,"column":50}},"11":{"start":{"line":181,"column":14},"end":{"line":181,"column":51}},"12":{"start":{"line":182,"column":2},"end":{"line":184,"column":null}},"13":{"start":{"line":183,"column":4},"end":{"line":183,"column":null}},"14":{"start":{"line":183,"column":27},"end":{"line":183,"column":null}},"15":{"start":{"line":186,"column":2},"end":{"line":208,"column":null}}},"fnMap":{"0":{"name":"Calendar","decl":{"start":{"line":12,"column":9},"end":{"line":12,"column":17}},"loc":{"start":{"line":23,"column":1},"end":{"line":171,"column":1}}},"1":{"name":"(anonymous_1)","decl":{"start":{"line":37,"column":29},"end":{"line":37,"column":30}},"loc":{"start":{"line":38,"column":10},"end":{"line":38,"column":60}}},"2":{"name":"(anonymous_2)","decl":{"start":{"line":126,"column":14},"end":{"line":126,"column":15}},"loc":{"start":{"line":126,"column":51},"end":{"line":135,"column":9}}},"3":{"name":"(anonymous_3)","decl":{"start":{"line":136,"column":17},"end":{"line":136,"column":18}},"loc":{"start":{"line":136,"column":58},"end":{"line":155,"column":9}}},"4":{"name":"(anonymous_4)","decl":{"start":{"line":157,"column":20},"end":{"line":157,"column":21}},"loc":{"start":{"line":157,"column":47},"end":{"line":165,"column":9}}},"5":{"name":"CalendarDayButton","decl":{"start":{"line":173,"column":9},"end":{"line":173,"column":26}},"loc":{"start":{"line":178,"column":41},"end":{"line":209,"column":1}}},"6":{"name":"(anonymous_6)","decl":{"start":{"line":182,"column":18},"end":{"line":182,"column":21}},"loc":{"start":{"line":182,"column":23},"end":{"line":184,"column":3}}}},"branchMap":{"0":{"loc":{"start":{"line":15,"column":2},"end":{"line":15,"column":24}},"type":"default-arg","locations":[{"start":{"line":15,"column":20},"end":{"line":15,"column":24}}]},"1":{"loc":{"start":{"line":16,"column":2},"end":{"line":16,"column":25}},"type":"default-arg","locations":[{"start":{"line":16,"column":18},"end":{"line":16,"column":25}}]},"2":{"loc":{"start":{"line":17,"column":2},"end":{"line":17,"column":25}},"type":"default-arg","locations":[{"start":{"line":17,"column":18},"end":{"line":17,"column":25}}]},"3":{"loc":{"start":{"line":80,"column":10},"end":{"line":82,"column":119}},"type":"cond-expr","locations":[{"start":{"line":81,"column":14},"end":{"line":81,"column":23}},{"start":{"line":82,"column":14},"end":{"line":82,"column":119}}]},"4":{"loc":{"start":{"line":137,"column":10},"end":{"line":141,"column":11}},"type":"if","locations":[{"start":{"line":137,"column":10},"end":{"line":141,"column":11}},{"start":{},"end":{}}]},"5":{"loc":{"start":{"line":143,"column":10},"end":{"line":150,"column":11}},"type":"if","locations":[{"start":{"line":143,"column":10},"end":{"line":150,"column":11}},{"start":{},"end":{}}]},"6":{"loc":{"start":{"line":183,"column":4},"end":{"line":183,"column":null}},"type":"if","locations":[{"start":{"line":183,"column":4},"end":{"line":183,"column":null}},{"start":{},"end":{}}]},"7":{"loc":{"start":{"line":193,"column":8},"end":{"line":196,"column":31}},"type":"binary-expr","locations":[{"start":{"line":193,"column":8},"end":{"line":193,"column":26}},{"start":{"line":194,"column":8},"end":{"line":194,"column":30}},{"start":{"line":195,"column":8},"end":{"line":195,"column":28}},{"start":{"line":196,"column":8},"end":{"line":196,"column":31}}]}},"s":{"0":0,"1":0,"2":0,"3":0,"4":0,"5":0,"6":0,"7":0,"8":0,"9":0,"10":0,"11":0,"12":0,"13":0,"14":0,"15":0},"f":{"0":0,"1":0,"2":0,"3":0,"4":0,"5":0,"6":0},"b":{"0":[0],"1":[0],"2":[0],"3":[0,0],"4":[0,0],"5":[0,0],"6":[0,0],"7":[0,0,0,0]}}
,"/Users/auliarachmat/Documents/dpas-microsite/src/components/ui/card.tsx": {"path":"/Users/auliarachmat/Documents/dpas-microsite/src/components/ui/card.tsx","statementMap":{"0":{"start":{"line":5,"column":13},"end":{"line":17,"column":2}},"1":{"start":{"line":9,"column":2},"end":{"line":15,"column":null}},"2":{"start":{"line":18,"column":0},"end":{"line":18,"column":null}},"3":{"start":{"line":20,"column":19},"end":{"line":29,"column":2}},"4":{"start":{"line":24,"column":2},"end":{"line":27,"column":null}},"5":{"start":{"line":30,"column":0},"end":{"line":30,"column":null}},"6":{"start":{"line":32,"column":18},"end":{"line":41,"column":2}},"7":{"start":{"line":36,"column":2},"end":{"line":39,"column":null}},"8":{"start":{"line":42,"column":0},"end":{"line":42,"column":null}},"9":{"start":{"line":44,"column":24},"end":{"line":53,"column":2}},"10":{"start":{"line":48,"column":2},"end":{"line":51,"column":null}},"11":{"start":{"line":54,"column":0},"end":{"line":54,"column":null}},"12":{"start":{"line":56,"column":20},"end":{"line":61,"column":2}},"13":{"start":{"line":60,"column":2},"end":{"line":60,"column":68}},"14":{"start":{"line":62,"column":0},"end":{"line":62,"column":null}},"15":{"start":{"line":64,"column":19},"end":{"line":73,"column":2}},"16":{"start":{"line":68,"column":2},"end":{"line":71,"column":null}},"17":{"start":{"line":74,"column":0},"end":{"line":74,"column":null}}},"fnMap":{"0":{"name":"(anonymous_0)","decl":{"start":{"line":8,"column":2},"end":{"line":8,"column":3}},"loc":{"start":{"line":9,"column":2},"end":{"line":15,"column":null}}},"1":{"name":"(anonymous_1)","decl":{"start":{"line":23,"column":2},"end":{"line":23,"column":3}},"loc":{"start":{"line":24,"column":2},"end":{"line":27,"column":null}}},"2":{"name":"(anonymous_2)","decl":{"start":{"line":35,"column":2},"end":{"line":35,"column":3}},"loc":{"start":{"line":36,"column":2},"end":{"line":39,"column":null}}},"3":{"name":"(anonymous_3)","decl":{"start":{"line":47,"column":2},"end":{"line":47,"column":3}},"loc":{"start":{"line":48,"column":2},"end":{"line":51,"column":null}}},"4":{"name":"(anonymous_4)","decl":{"start":{"line":59,"column":2},"end":{"line":59,"column":3}},"loc":{"start":{"line":60,"column":2},"end":{"line":60,"column":68}}},"5":{"name":"(anonymous_5)","decl":{"start":{"line":67,"column":2},"end":{"line":67,"column":3}},"loc":{"start":{"line":68,"column":2},"end":{"line":71,"column":null}}}},"branchMap":{},"s":{"0":0,"1":0,"2":0,"3":0,"4":0,"5":0,"6":0,"7":0,"8":0,"9":0,"10":0,"11":0,"12":0,"13":0,"14":0,"15":0,"16":0,"17":0},"f":{"0":0,"1":0,"2":0,"3":0,"4":0,"5":0},"b":{}}
,"/Users/auliarachmat/Documents/dpas-microsite/src/components/ui/checkbox.tsx": {"path":"/Users/auliarachmat/Documents/dpas-microsite/src/components/ui/checkbox.tsx","statementMap":{"0":{"start":{"line":9,"column":17},"end":{"line":27,"column":2}},"1":{"start":{"line":13,"column":2},"end":{"line":25,"column":null}},"2":{"start":{"line":28,"column":0},"end":{"line":28,"column":null}}},"fnMap":{"0":{"name":"(anonymous_0)","decl":{"start":{"line":12,"column":2},"end":{"line":12,"column":3}},"loc":{"start":{"line":13,"column":2},"end":{"line":25,"column":null}}}},"branchMap":{},"s":{"0":0,"1":0,"2":0},"f":{"0":0},"b":{}}
,"/Users/auliarachmat/Documents/dpas-microsite/src/components/ui/dialog.tsx": {"path":"/Users/auliarachmat/Documents/dpas-microsite/src/components/ui/dialog.tsx","statementMap":{"0":{"start":{"line":7,"column":15},"end":{"line":7,"column":35}},"1":{"start":{"line":9,"column":22},"end":{"line":9,"column":45}},"2":{"start":{"line":11,"column":21},"end":{"line":11,"column":43}},"3":{"start":{"line":13,"column":20},"end":{"line":13,"column":41}},"4":{"start":{"line":15,"column":22},"end":{"line":27,"column":2}},"5":{"start":{"line":19,"column":2},"end":{"line":25,"column":null}},"6":{"start":{"line":28,"column":0},"end":{"line":28,"column":null}},"7":{"start":{"line":30,"column":22},"end":{"line":51,"column":2}},"8":{"start":{"line":34,"column":2},"end":{"line":49,"column":null}},"9":{"start":{"line":52,"column":0},"end":{"line":52,"column":null}},"10":{"start":{"line":54,"column":21},"end":{"line":64,"column":null}},"11":{"start":{"line":58,"column":2},"end":{"line":63,"column":null}},"12":{"start":{"line":66,"column":0},"end":{"line":66,"column":null}},"13":{"start":{"line":68,"column":21},"end":{"line":78,"column":null}},"14":{"start":{"line":72,"column":2},"end":{"line":77,"column":null}},"15":{"start":{"line":80,"column":0},"end":{"line":80,"column":null}},"16":{"start":{"line":82,"column":20},"end":{"line":94,"column":2}},"17":{"start":{"line":86,"column":2},"end":{"line":92,"column":null}},"18":{"start":{"line":95,"column":0},"end":{"line":95,"column":null}},"19":{"start":{"line":97,"column":26},"end":{"line":106,"column":2}},"20":{"start":{"line":101,"column":2},"end":{"line":104,"column":null}},"21":{"start":{"line":107,"column":0},"end":{"line":107,"column":null}}},"fnMap":{"0":{"name":"(anonymous_0)","decl":{"start":{"line":18,"column":2},"end":{"line":18,"column":3}},"loc":{"start":{"line":19,"column":2},"end":{"line":25,"column":null}}},"1":{"name":"(anonymous_1)","decl":{"start":{"line":33,"column":2},"end":{"line":33,"column":3}},"loc":{"start":{"line":34,"column":2},"end":{"line":49,"column":null}}},"2":{"name":"(anonymous_2)","decl":{"start":{"line":54,"column":21},"end":{"line":54,"column":22}},"loc":{"start":{"line":58,"column":2},"end":{"line":63,"column":null}}},"3":{"name":"(anonymous_3)","decl":{"start":{"line":68,"column":21},"end":{"line":68,"column":22}},"loc":{"start":{"line":72,"column":2},"end":{"line":77,"column":null}}},"4":{"name":"(anonymous_4)","decl":{"start":{"line":85,"column":2},"end":{"line":85,"column":3}},"loc":{"start":{"line":86,"column":2},"end":{"line":92,"column":null}}},"5":{"name":"(anonymous_5)","decl":{"start":{"line":100,"column":2},"end":{"line":100,"column":3}},"loc":{"start":{"line":101,"column":2},"end":{"line":104,"column":null}}}},"branchMap":{},"s":{"0":0,"1":0,"2":0,"3":0,"4":0,"5":0,"6":0,"7":0,"8":0,"9":0,"10":0,"11":0,"12":0,"13":0,"14":0,"15":0,"16":0,"17":0,"18":0,"19":0,"20":0,"21":0},"f":{"0":0,"1":0,"2":0,"3":0,"4":0,"5":0},"b":{}}
,"/Users/auliarachmat/Documents/dpas-microsite/src/components/ui/form.tsx": {"path":"/Users/auliarachmat/Documents/dpas-microsite/src/components/ui/form.tsx","statementMap":{"0":{"start":{"line":16,"column":13},"end":{"line":16,"column":25}},"1":{"start":{"line":25,"column":25},"end":{"line":26,"column":null}},"2":{"start":{"line":29,"column":18},"end":{"line":40,"column":1}},"3":{"start":{"line":35,"column":2},"end":{"line":39,"column":null}},"4":{"start":{"line":42,"column":21},"end":{"line":63,"column":1}},"5":{"start":{"line":43,"column":23},"end":{"line":43,"column":57}},"6":{"start":{"line":44,"column":22},"end":{"line":44,"column":55}},"7":{"start":{"line":45,"column":39},"end":{"line":45,"column":55}},"8":{"start":{"line":47,"column":21},"end":{"line":47,"column":64}},"9":{"start":{"line":49,"column":2},"end":{"line":51,"column":3}},"10":{"start":{"line":50,"column":4},"end":{"line":50,"column":null}},"11":{"start":{"line":53,"column":17},"end":{"line":53,"column":28}},"12":{"start":{"line":55,"column":2},"end":{"line":62,"column":null}},"13":{"start":{"line":69,"column":24},"end":{"line":70,"column":null}},"14":{"start":{"line":73,"column":17},"end":{"line":84,"column":2}},"15":{"start":{"line":77,"column":13},"end":{"line":77,"column":26}},"16":{"start":{"line":79,"column":2},"end":{"line":83,"column":null}},"17":{"start":{"line":85,"column":0},"end":{"line":85,"column":null}},"18":{"start":{"line":87,"column":18},"end":{"line":101,"column":2}},"19":{"start":{"line":91,"column":38},"end":{"line":91,"column":52}},"20":{"start":{"line":93,"column":2},"end":{"line":100,"column":null}},"21":{"start":{"line":102,"column":0},"end":{"line":102,"column":null}},"22":{"start":{"line":104,"column":20},"end":{"line":123,"column":2}},"23":{"start":{"line":108,"column":66},"end":{"line":108,"column":80}},"24":{"start":{"line":110,"column":2},"end":{"line":122,"column":null}},"25":{"start":{"line":124,"column":0},"end":{"line":124,"column":null}},"26":{"start":{"line":126,"column":24},"end":{"line":140,"column":2}},"27":{"start":{"line":130,"column":32},"end":{"line":130,"column":46}},"28":{"start":{"line":132,"column":2},"end":{"line":139,"column":null}},"29":{"start":{"line":141,"column":0},"end":{"line":141,"column":null}},"30":{"start":{"line":143,"column":20},"end":{"line":164,"column":2}},"31":{"start":{"line":147,"column":35},"end":{"line":147,"column":49}},"32":{"start":{"line":148,"column":15},"end":{"line":148,"column":62}},"33":{"start":{"line":150,"column":2},"end":{"line":152,"column":3}},"34":{"start":{"line":151,"column":4},"end":{"line":151,"column":null}},"35":{"start":{"line":154,"column":2},"end":{"line":163,"column":null}},"36":{"start":{"line":165,"column":0},"end":{"line":165,"column":null}}},"fnMap":{"0":{"name":"(anonymous_0)","decl":{"start":{"line":29,"column":18},"end":{"line":29,"column":null}},"loc":{"start":{"line":34,"column":43},"end":{"line":40,"column":1}}},"1":{"name":"(anonymous_1)","decl":{"start":{"line":42,"column":21},"end":{"line":42,"column":24}},"loc":{"start":{"line":42,"column":26},"end":{"line":63,"column":1}}},"2":{"name":"(anonymous_2)","decl":{"start":{"line":76,"column":2},"end":{"line":76,"column":3}},"loc":{"start":{"line":76,"column":35},"end":{"line":84,"column":1}}},"3":{"name":"(anonymous_3)","decl":{"start":{"line":90,"column":2},"end":{"line":90,"column":3}},"loc":{"start":{"line":90,"column":35},"end":{"line":101,"column":1}}},"4":{"name":"(anonymous_4)","decl":{"start":{"line":107,"column":2},"end":{"line":107,"column":3}},"loc":{"start":{"line":107,"column":24},"end":{"line":123,"column":1}}},"5":{"name":"(anonymous_5)","decl":{"start":{"line":129,"column":2},"end":{"line":129,"column":3}},"loc":{"start":{"line":129,"column":35},"end":{"line":140,"column":1}}},"6":{"name":"(anonymous_6)","decl":{"start":{"line":146,"column":2},"end":{"line":146,"column":3}},"loc":{"start":{"line":146,"column":45},"end":{"line":164,"column":1}}}},"branchMap":{"0":{"loc":{"start":{"line":49,"column":2},"end":{"line":51,"column":3}},"type":"if","locations":[{"start":{"line":49,"column":2},"end":{"line":51,"column":3}},{"start":{},"end":{}}]},"1":{"loc":{"start":{"line":115,"column":8},"end":{"line":117,"column":51}},"type":"cond-expr","locations":[{"start":{"line":116,"column":12},"end":{"line":116,"column":34}},{"start":{"line":117,"column":12},"end":{"line":117,"column":51}}]},"2":{"loc":{"start":{"line":148,"column":15},"end":{"line":148,"column":62}},"type":"cond-expr","locations":[{"start":{"line":148,"column":23},"end":{"line":148,"column":51}},{"start":{"line":148,"column":54},"end":{"line":148,"column":62}}]},"3":{"loc":{"start":{"line":148,"column":30},"end":{"line":148,"column":50}},"type":"binary-expr","locations":[{"start":{"line":148,"column":30},"end":{"line":148,"column":44}},{"start":{"line":148,"column":48},"end":{"line":148,"column":50}}]},"4":{"loc":{"start":{"line":150,"column":2},"end":{"line":152,"column":3}},"type":"if","locations":[{"start":{"line":150,"column":2},"end":{"line":152,"column":3}},{"start":{},"end":{}}]}},"s":{"0":0,"1":0,"2":0,"3":0,"4":0,"5":0,"6":0,"7":0,"8":0,"9":0,"10":0,"11":0,"12":0,"13":0,"14":0,"15":0,"16":0,"17":0,"18":0,"19":0,"20":0,"21":0,"22":0,"23":0,"24":0,"25":0,"26":0,"27":0,"28":0,"29":0,"30":0,"31":0,"32":0,"33":0,"34":0,"35":0,"36":0},"f":{"0":0,"1":0,"2":0,"3":0,"4":0,"5":0,"6":0},"b":{"0":[0,0],"1":[0,0],"2":[0,0],"3":[0,0],"4":[0,0]}}
,"/Users/auliarachmat/Documents/dpas-microsite/src/components/ui/input.tsx": {"path":"/Users/auliarachmat/Documents/dpas-microsite/src/components/ui/input.tsx","statementMap":{"0":{"start":{"line":5,"column":14},"end":{"line":18,"column":null}},"1":{"start":{"line":7,"column":4},"end":{"line":17,"column":null}},"2":{"start":{"line":20,"column":0},"end":{"line":20,"column":null}}},"fnMap":{"0":{"name":"(anonymous_0)","decl":{"start":{"line":6,"column":2},"end":{"line":6,"column":3}},"loc":{"start":{"line":6,"column":41},"end":{"line":18,"column":3}}}},"branchMap":{},"s":{"0":0,"1":0,"2":0},"f":{"0":0},"b":{}}
,"/Users/auliarachmat/Documents/dpas-microsite/src/components/ui/label.tsx": {"path":"/Users/auliarachmat/Documents/dpas-microsite/src/components/ui/label.tsx","statementMap":{"0":{"start":{"line":7,"column":22},"end":{"line":8,"column":null}},"1":{"start":{"line":11,"column":14},"end":{"line":21,"column":2}},"2":{"start":{"line":16,"column":2},"end":{"line":19,"column":null}},"3":{"start":{"line":22,"column":0},"end":{"line":22,"column":null}}},"fnMap":{"0":{"name":"(anonymous_0)","decl":{"start":{"line":15,"column":2},"end":{"line":15,"column":3}},"loc":{"start":{"line":16,"column":2},"end":{"line":19,"column":null}}}},"branchMap":{},"s":{"0":0,"1":0,"2":0,"3":0},"f":{"0":0},"b":{}}
,"/Users/auliarachmat/Documents/dpas-microsite/src/components/ui/popover.tsx": {"path":"/Users/auliarachmat/Documents/dpas-microsite/src/components/ui/popover.tsx","statementMap":{"0":{"start":{"line":6,"column":16},"end":{"line":6,"column":37}},"1":{"start":{"line":8,"column":23},"end":{"line":8,"column":47}},"2":{"start":{"line":10,"column":22},"end":{"line":10,"column":45}},"3":{"start":{"line":12,"column":23},"end":{"line":28,"column":2}},"4":{"start":{"line":16,"column":2},"end":{"line":26,"column":null}},"5":{"start":{"line":29,"column":0},"end":{"line":29,"column":null}}},"fnMap":{"0":{"name":"(anonymous_0)","decl":{"start":{"line":15,"column":2},"end":{"line":15,"column":3}},"loc":{"start":{"line":16,"column":2},"end":{"line":26,"column":null}}}},"branchMap":{"0":{"loc":{"start":{"line":15,"column":16},"end":{"line":15,"column":32}},"type":"default-arg","locations":[{"start":{"line":15,"column":24},"end":{"line":15,"column":32}}]},"1":{"loc":{"start":{"line":15,"column":34},"end":{"line":15,"column":48}},"type":"default-arg","locations":[{"start":{"line":15,"column":47},"end":{"line":15,"column":48}}]}},"s":{"0":0,"1":0,"2":0,"3":0,"4":0,"5":0},"f":{"0":0},"b":{"0":[0],"1":[0]}}
,"/Users/auliarachmat/Documents/dpas-microsite/src/components/ui/radio-group.tsx": {"path":"/Users/auliarachmat/Documents/dpas-microsite/src/components/ui/radio-group.tsx","statementMap":{"0":{"start":{"line":7,"column":19},"end":{"line":18,"column":2}},"1":{"start":{"line":11,"column":2},"end":{"line":17,"column":null}},"2":{"start":{"line":19,"column":0},"end":{"line":19,"column":null}},"3":{"start":{"line":21,"column":23},"end":{"line":39,"column":2}},"4":{"start":{"line":25,"column":2},"end":{"line":38,"column":null}},"5":{"start":{"line":40,"column":0},"end":{"line":40,"column":null}}},"fnMap":{"0":{"name":"(anonymous_0)","decl":{"start":{"line":10,"column":2},"end":{"line":10,"column":3}},"loc":{"start":{"line":10,"column":35},"end":{"line":18,"column":1}}},"1":{"name":"(anonymous_1)","decl":{"start":{"line":24,"column":2},"end":{"line":24,"column":3}},"loc":{"start":{"line":24,"column":35},"end":{"line":39,"column":1}}}},"branchMap":{},"s":{"0":0,"1":0,"2":0,"3":0,"4":0,"5":0},"f":{"0":0,"1":0},"b":{}}
,"/Users/auliarachmat/Documents/dpas-microsite/src/components/ui/select.tsx": {"path":"/Users/auliarachmat/Documents/dpas-microsite/src/components/ui/select.tsx","statementMap":{"0":{"start":{"line":7,"column":15},"end":{"line":7,"column":35}},"1":{"start":{"line":9,"column":20},"end":{"line":9,"column":41}},"2":{"start":{"line":11,"column":20},"end":{"line":11,"column":41}},"3":{"start":{"line":13,"column":22},"end":{"line":30,"column":2}},"4":{"start":{"line":17,"column":2},"end":{"line":28,"column":null}},"5":{"start":{"line":31,"column":0},"end":{"line":31,"column":null}},"6":{"start":{"line":33,"column":29},"end":{"line":47,"column":2}},"7":{"start":{"line":37,"column":2},"end":{"line":45,"column":null}},"8":{"start":{"line":48,"column":0},"end":{"line":48,"column":null}},"9":{"start":{"line":50,"column":31},"end":{"line":64,"column":2}},"10":{"start":{"line":54,"column":2},"end":{"line":62,"column":null}},"11":{"start":{"line":65,"column":0},"end":{"line":66,"column":null}},"12":{"start":{"line":68,"column":22},"end":{"line":97,"column":2}},"13":{"start":{"line":72,"column":2},"end":{"line":95,"column":null}},"14":{"start":{"line":98,"column":0},"end":{"line":98,"column":null}},"15":{"start":{"line":100,"column":20},"end":{"line":109,"column":2}},"16":{"start":{"line":104,"column":2},"end":{"line":107,"column":null}},"17":{"start":{"line":110,"column":0},"end":{"line":110,"column":null}},"18":{"start":{"line":112,"column":19},"end":{"line":131,"column":2}},"19":{"start":{"line":116,"column":2},"end":{"line":129,"column":null}},"20":{"start":{"line":132,"column":0},"end":{"line":132,"column":null}},"21":{"start":{"line":134,"column":24},"end":{"line":143,"column":2}},"22":{"start":{"line":138,"column":2},"end":{"line":141,"column":null}},"23":{"start":{"line":144,"column":0},"end":{"line":144,"column":null}}},"fnMap":{"0":{"name":"(anonymous_0)","decl":{"start":{"line":16,"column":2},"end":{"line":16,"column":3}},"loc":{"start":{"line":17,"column":2},"end":{"line":28,"column":null}}},"1":{"name":"(anonymous_1)","decl":{"start":{"line":36,"column":2},"end":{"line":36,"column":3}},"loc":{"start":{"line":37,"column":2},"end":{"line":45,"column":null}}},"2":{"name":"(anonymous_2)","decl":{"start":{"line":53,"column":2},"end":{"line":53,"column":3}},"loc":{"start":{"line":54,"column":2},"end":{"line":62,"column":null}}},"3":{"name":"(anonymous_3)","decl":{"start":{"line":71,"column":2},"end":{"line":71,"column":3}},"loc":{"start":{"line":72,"column":2},"end":{"line":95,"column":null}}},"4":{"name":"(anonymous_4)","decl":{"start":{"line":103,"column":2},"end":{"line":103,"column":3}},"loc":{"start":{"line":104,"column":2},"end":{"line":107,"column":null}}},"5":{"name":"(anonymous_5)","decl":{"start":{"line":115,"column":2},"end":{"line":115,"column":3}},"loc":{"start":{"line":116,"column":2},"end":{"line":129,"column":null}}},"6":{"name":"(anonymous_6)","decl":{"start":{"line":137,"column":2},"end":{"line":137,"column":3}},"loc":{"start":{"line":138,"column":2},"end":{"line":141,"column":null}}}},"branchMap":{"0":{"loc":{"start":{"line":71,"column":26},"end":{"line":71,"column":45}},"type":"default-arg","locations":[{"start":{"line":71,"column":37},"end":{"line":71,"column":45}}]},"1":{"loc":{"start":{"line":77,"column":8},"end":{"line":78,"column":139}},"type":"binary-expr","locations":[{"start":{"line":77,"column":8},"end":{"line":77,"column":29}},{"start":{"line":78,"column":10},"end":{"line":78,"column":139}}]},"2":{"loc":{"start":{"line":88,"column":10},"end":{"line":89,"column":101}},"type":"binary-expr","locations":[{"start":{"line":88,"column":10},"end":{"line":88,"column":31}},{"start":{"line":89,"column":12},"end":{"line":89,"column":101}}]}},"s":{"0":0,"1":0,"2":0,"3":0,"4":0,"5":0,"6":0,"7":0,"8":0,"9":0,"10":0,"11":0,"12":0,"13":0,"14":0,"15":0,"16":0,"17":0,"18":0,"19":0,"20":0,"21":0,"22":0,"23":0},"f":{"0":0,"1":0,"2":0,"3":0,"4":0,"5":0,"6":0},"b":{"0":[0],"1":[0,0],"2":[0,0]}}
,"/Users/auliarachmat/Documents/dpas-microsite/src/components/ui/sheet.tsx": {"path":"/Users/auliarachmat/Documents/dpas-microsite/src/components/ui/sheet.tsx","statementMap":{"0":{"start":{"line":8,"column":14},"end":{"line":8,"column":33}},"1":{"start":{"line":10,"column":21},"end":{"line":10,"column":43}},"2":{"start":{"line":12,"column":19},"end":{"line":12,"column":39}},"3":{"start":{"line":14,"column":20},"end":{"line":14,"column":41}},"4":{"start":{"line":16,"column":21},"end":{"line":28,"column":2}},"5":{"start":{"line":20,"column":2},"end":{"line":26,"column":null}},"6":{"start":{"line":29,"column":0},"end":{"line":29,"column":null}},"7":{"start":{"line":31,"column":22},"end":{"line":47,"column":null}},"8":{"start":{"line":54,"column":21},"end":{"line":72,"column":2}},"9":{"start":{"line":58,"column":2},"end":{"line":70,"column":null}},"10":{"start":{"line":73,"column":0},"end":{"line":73,"column":null}},"11":{"start":{"line":75,"column":20},"end":{"line":85,"column":null}},"12":{"start":{"line":79,"column":2},"end":{"line":84,"column":null}},"13":{"start":{"line":87,"column":0},"end":{"line":87,"column":null}},"14":{"start":{"line":89,"column":20},"end":{"line":99,"column":null}},"15":{"start":{"line":93,"column":2},"end":{"line":98,"column":null}},"16":{"start":{"line":101,"column":0},"end":{"line":101,"column":null}},"17":{"start":{"line":103,"column":19},"end":{"line":112,"column":2}},"18":{"start":{"line":107,"column":2},"end":{"line":110,"column":null}},"19":{"start":{"line":113,"column":0},"end":{"line":113,"column":null}},"20":{"start":{"line":115,"column":25},"end":{"line":124,"column":2}},"21":{"start":{"line":119,"column":2},"end":{"line":122,"column":null}},"22":{"start":{"line":125,"column":0},"end":{"line":125,"column":null}}},"fnMap":{"0":{"name":"(anonymous_0)","decl":{"start":{"line":19,"column":2},"end":{"line":19,"column":3}},"loc":{"start":{"line":20,"column":2},"end":{"line":26,"column":null}}},"1":{"name":"(anonymous_1)","decl":{"start":{"line":57,"column":2},"end":{"line":57,"column":3}},"loc":{"start":{"line":58,"column":2},"end":{"line":70,"column":null}}},"2":{"name":"(anonymous_2)","decl":{"start":{"line":75,"column":20},"end":{"line":75,"column":21}},"loc":{"start":{"line":79,"column":2},"end":{"line":84,"column":null}}},"3":{"name":"(anonymous_3)","decl":{"start":{"line":89,"column":20},"end":{"line":89,"column":21}},"loc":{"start":{"line":93,"column":2},"end":{"line":98,"column":null}}},"4":{"name":"(anonymous_4)","decl":{"start":{"line":106,"column":2},"end":{"line":106,"column":3}},"loc":{"start":{"line":107,"column":2},"end":{"line":110,"column":null}}},"5":{"name":"(anonymous_5)","decl":{"start":{"line":118,"column":2},"end":{"line":118,"column":3}},"loc":{"start":{"line":119,"column":2},"end":{"line":122,"column":null}}}},"branchMap":{"0":{"loc":{"start":{"line":57,"column":5},"end":{"line":57,"column":19}},"type":"default-arg","locations":[{"start":{"line":57,"column":12},"end":{"line":57,"column":19}}]}},"s":{"0":0,"1":0,"2":0,"3":0,"4":0,"5":0,"6":0,"7":0,"8":0,"9":0,"10":0,"11":0,"12":0,"13":0,"14":0,"15":0,"16":0,"17":0,"18":0,"19":0,"20":0,"21":0,"22":0},"f":{"0":0,"1":0,"2":0,"3":0,"4":0,"5":0},"b":{"0":[0]}}
,"/Users/auliarachmat/Documents/dpas-microsite/src/components/ui/switch.tsx": {"path":"/Users/auliarachmat/Documents/dpas-microsite/src/components/ui/switch.tsx","statementMap":{"0":{"start":{"line":8,"column":15},"end":{"line":26,"column":2}},"1":{"start":{"line":12,"column":2},"end":{"line":24,"column":null}},"2":{"start":{"line":27,"column":0},"end":{"line":27,"column":null}}},"fnMap":{"0":{"name":"(anonymous_0)","decl":{"start":{"line":11,"column":2},"end":{"line":11,"column":3}},"loc":{"start":{"line":12,"column":2},"end":{"line":24,"column":null}}}},"branchMap":{},"s":{"0":0,"1":0,"2":0},"f":{"0":0},"b":{}}
,"/Users/auliarachmat/Documents/dpas-microsite/src/components/ui/textarea.tsx": {"path":"/Users/auliarachmat/Documents/dpas-microsite/src/components/ui/textarea.tsx","statementMap":{"0":{"start":{"line":5,"column":17},"end":{"line":19,"column":2}},"1":{"start":{"line":9,"column":2},"end":{"line":18,"column":null}},"2":{"start":{"line":20,"column":0},"end":{"line":20,"column":null}}},"fnMap":{"0":{"name":"(anonymous_0)","decl":{"start":{"line":8,"column":2},"end":{"line":8,"column":3}},"loc":{"start":{"line":8,"column":35},"end":{"line":19,"column":1}}}},"branchMap":{},"s":{"0":0,"1":0,"2":0},"f":{"0":0},"b":{}}
,"/Users/auliarachmat/Documents/dpas-microsite/src/feature/landing/landing.function.tsx": {"path":"/Users/auliarachmat/Documents/dpas-microsite/src/feature/landing/landing.function.tsx","statementMap":{"0":{"start":{"line":2,"column":15},"end":{"line":2,"column":19}},"1":{"start":{"line":3,"column":2},"end":{"line":3,"column":null}}},"fnMap":{"0":{"name":"getIsCampaignConversion","decl":{"start":{"line":1,"column":16},"end":{"line":1,"column":39}},"loc":{"start":{"line":1,"column":60},"end":{"line":4,"column":1}}}},"branchMap":{},"s":{"0":0,"1":0},"f":{"0":0},"b":{}}
,"/Users/auliarachmat/Documents/dpas-microsite/src/hooks/useLocation.ts": {"path":"/Users/auliarachmat/Documents/dpas-microsite/src/hooks/useLocation.ts","statementMap":{"0":{"start":{"line":4,"column":28},"end":{"line":5,"column":62}},"1":{"start":{"line":5,"column":2},"end":{"line":5,"column":62}},"2":{"start":{"line":7,"column":25},"end":{"line":12,"column":4}},"3":{"start":{"line":8,"column":2},"end":{"line":12,"column":4}},"4":{"start":{"line":10,"column":19},"end":{"line":10,"column":39}},"5":{"start":{"line":14,"column":28},"end":{"line":19,"column":4}},"6":{"start":{"line":15,"column":2},"end":{"line":19,"column":4}},"7":{"start":{"line":17,"column":19},"end":{"line":17,"column":38}},"8":{"start":{"line":21,"column":31},"end":{"line":26,"column":4}},"9":{"start":{"line":22,"column":2},"end":{"line":26,"column":4}},"10":{"start":{"line":24,"column":19},"end":{"line":24,"column":45}}},"fnMap":{"0":{"name":"(anonymous_0)","decl":{"start":{"line":4,"column":28},"end":{"line":4,"column":31}},"loc":{"start":{"line":5,"column":2},"end":{"line":5,"column":62}}},"1":{"name":"(anonymous_1)","decl":{"start":{"line":7,"column":25},"end":{"line":7,"column":26}},"loc":{"start":{"line":8,"column":2},"end":{"line":12,"column":4}}},"2":{"name":"(anonymous_2)","decl":{"start":{"line":10,"column":13},"end":{"line":10,"column":16}},"loc":{"start":{"line":10,"column":19},"end":{"line":10,"column":39}}},"3":{"name":"(anonymous_3)","decl":{"start":{"line":14,"column":28},"end":{"line":14,"column":29}},"loc":{"start":{"line":15,"column":2},"end":{"line":19,"column":4}}},"4":{"name":"(anonymous_4)","decl":{"start":{"line":17,"column":13},"end":{"line":17,"column":16}},"loc":{"start":{"line":17,"column":19},"end":{"line":17,"column":38}}},"5":{"name":"(anonymous_5)","decl":{"start":{"line":21,"column":31},"end":{"line":21,"column":32}},"loc":{"start":{"line":22,"column":2},"end":{"line":26,"column":4}}},"6":{"name":"(anonymous_6)","decl":{"start":{"line":24,"column":13},"end":{"line":24,"column":16}},"loc":{"start":{"line":24,"column":19},"end":{"line":24,"column":45}}}},"branchMap":{},"s":{"0":0,"1":0,"2":0,"3":0,"4":0,"5":0,"6":0,"7":0,"8":0,"9":0,"10":0},"f":{"0":0,"1":0,"2":0,"3":0,"4":0,"5":0,"6":0},"b":{}}
,"/Users/auliarachmat/Documents/dpas-microsite/src/hooks/useOptions.ts": {"path":"/Users/auliarachmat/Documents/dpas-microsite/src/hooks/useOptions.ts","statementMap":{"0":{"start":{"line":4,"column":27},"end":{"line":5,"column":60}},"1":{"start":{"line":5,"column":2},"end":{"line":5,"column":60}},"2":{"start":{"line":7,"column":23},"end":{"line":8,"column":52}},"3":{"start":{"line":8,"column":2},"end":{"line":8,"column":52}},"4":{"start":{"line":10,"column":27},"end":{"line":11,"column":60}},"5":{"start":{"line":11,"column":2},"end":{"line":11,"column":60}}},"fnMap":{"0":{"name":"(anonymous_0)","decl":{"start":{"line":4,"column":27},"end":{"line":4,"column":30}},"loc":{"start":{"line":5,"column":2},"end":{"line":5,"column":60}}},"1":{"name":"(anonymous_1)","decl":{"start":{"line":7,"column":23},"end":{"line":7,"column":26}},"loc":{"start":{"line":8,"column":2},"end":{"line":8,"column":52}}},"2":{"name":"(anonymous_2)","decl":{"start":{"line":10,"column":27},"end":{"line":10,"column":30}},"loc":{"start":{"line":11,"column":2},"end":{"line":11,"column":60}}}},"branchMap":{},"s":{"0":0,"1":0,"2":0,"3":0,"4":0,"5":0},"f":{"0":0,"1":0,"2":0},"b":{}}
,"/Users/auliarachmat/Documents/dpas-microsite/src/hooks/useProducts.ts": {"path":"/Users/auliarachmat/Documents/dpas-microsite/src/hooks/useProducts.ts","statementMap":{"0":{"start":{"line":5,"column":27},"end":{"line":10,"column":4}},"1":{"start":{"line":6,"column":2},"end":{"line":10,"column":4}},"2":{"start":{"line":8,"column":19},"end":{"line":8,"column":40}},"3":{"start":{"line":12,"column":32},"end":{"line":17,"column":4}},"4":{"start":{"line":13,"column":2},"end":{"line":17,"column":4}},"5":{"start":{"line":15,"column":19},"end":{"line":15,"column":56}},"6":{"start":{"line":19,"column":33},"end":{"line":30,"column":4}},"7":{"start":{"line":20,"column":2},"end":{"line":30,"column":4}},"8":{"start":{"line":28,"column":19},"end":{"line":28,"column":47}}},"fnMap":{"0":{"name":"(anonymous_0)","decl":{"start":{"line":5,"column":27},"end":{"line":5,"column":28}},"loc":{"start":{"line":6,"column":2},"end":{"line":10,"column":4}}},"1":{"name":"(anonymous_1)","decl":{"start":{"line":8,"column":13},"end":{"line":8,"column":16}},"loc":{"start":{"line":8,"column":19},"end":{"line":8,"column":40}}},"2":{"name":"(anonymous_2)","decl":{"start":{"line":12,"column":32},"end":{"line":12,"column":33}},"loc":{"start":{"line":13,"column":2},"end":{"line":17,"column":4}}},"3":{"name":"(anonymous_3)","decl":{"start":{"line":15,"column":13},"end":{"line":15,"column":16}},"loc":{"start":{"line":15,"column":19},"end":{"line":15,"column":56}}},"4":{"name":"(anonymous_4)","decl":{"start":{"line":19,"column":33},"end":{"line":19,"column":34}},"loc":{"start":{"line":20,"column":2},"end":{"line":30,"column":4}}},"5":{"name":"(anonymous_5)","decl":{"start":{"line":28,"column":13},"end":{"line":28,"column":16}},"loc":{"start":{"line":28,"column":19},"end":{"line":28,"column":47}}}},"branchMap":{"0":{"loc":{"start":{"line":16,"column":13},"end":{"line":16,"column":36}},"type":"binary-expr","locations":[{"start":{"line":16,"column":13},"end":{"line":16,"column":19}},{"start":{"line":16,"column":23},"end":{"line":16,"column":36}}]},"1":{"loc":{"start":{"line":29,"column":13},"end":{"line":29,"column":87}},"type":"binary-expr","locations":[{"start":{"line":29,"column":13},"end":{"line":29,"column":19}},{"start":{"line":29,"column":23},"end":{"line":29,"column":42}},{"start":{"line":29,"column":46},"end":{"line":29,"column":63}},{"start":{"line":29,"column":67},"end":{"line":29,"column":87}}]}},"s":{"0":0,"1":0,"2":0,"3":0,"4":0,"5":0,"6":0,"7":0,"8":0},"f":{"0":0,"1":0,"2":0,"3":0,"4":0,"5":0},"b":{"0":[0,0],"1":[0,0,0,0]}}
,"/Users/auliarachmat/Documents/dpas-microsite/src/hooks/useZip.ts": {"path":"/Users/auliarachmat/Documents/dpas-microsite/src/hooks/useZip.ts","statementMap":{"0":{"start":{"line":4,"column":28},"end":{"line":9,"column":4}},"1":{"start":{"line":5,"column":2},"end":{"line":9,"column":4}},"2":{"start":{"line":7,"column":19},"end":{"line":7,"column":34}}},"fnMap":{"0":{"name":"(anonymous_0)","decl":{"start":{"line":4,"column":28},"end":{"line":4,"column":29}},"loc":{"start":{"line":5,"column":2},"end":{"line":9,"column":4}}},"1":{"name":"(anonymous_1)","decl":{"start":{"line":7,"column":13},"end":{"line":7,"column":16}},"loc":{"start":{"line":7,"column":19},"end":{"line":7,"column":34}}}},"branchMap":{"0":{"loc":{"start":{"line":8,"column":13},"end":{"line":8,"column":34}},"type":"binary-expr","locations":[{"start":{"line":8,"column":13},"end":{"line":8,"column":16}},{"start":{"line":8,"column":20},"end":{"line":8,"column":34}}]}},"s":{"0":0,"1":0,"2":0},"f":{"0":0,"1":0},"b":{"0":[0,0]}}
,"/Users/auliarachmat/Documents/dpas-microsite/src/lib/api.ts": {"path":"/Users/auliarachmat/Documents/dpas-microsite/src/lib/api.ts","statementMap":{"0":{"start":{"line":3,"column":19},"end":{"line":6,"column":2}},"1":{"start":{"line":8,"column":0},"end":{"line":16,"column":3}},"2":{"start":{"line":9,"column":16},"end":{"line":9,"column":44}},"3":{"start":{"line":10,"column":4},"end":{"line":14,"column":5}},"4":{"start":{"line":11,"column":18},"end":{"line":11,"column":73}},"5":{"start":{"line":12,"column":9},"end":{"line":12,"column":50}},"6":{"start":{"line":13,"column":9},"end":{"line":13,"column":55}},"7":{"start":{"line":15,"column":4},"end":{"line":15,"column":18}}},"fnMap":{"0":{"name":"(anonymous_0)","decl":{"start":{"line":8,"column":29},"end":{"line":8,"column":30}},"loc":{"start":{"line":8,"column":68},"end":{"line":16,"column":1}}}},"branchMap":{"0":{"loc":{"start":{"line":10,"column":4},"end":{"line":14,"column":5}},"type":"if","locations":[{"start":{"line":10,"column":4},"end":{"line":14,"column":5}},{"start":{},"end":{}}]}},"s":{"0":0,"1":0,"2":0,"3":0,"4":0,"5":0,"6":0,"7":0},"f":{"0":0},"b":{"0":[0,0]}}
,"/Users/auliarachmat/Documents/dpas-microsite/src/lib/queryClient.ts": {"path":"/Users/auliarachmat/Documents/dpas-microsite/src/lib/queryClient.ts","statementMap":{"0":{"start":{"line":3,"column":27},"end":{"line":11,"column":2}}},"fnMap":{},"branchMap":{},"s":{"0":0},"f":{},"b":{}}
,"/Users/auliarachmat/Documents/dpas-microsite/src/lib/utils.ts": {"path":"/Users/auliarachmat/Documents/dpas-microsite/src/lib/utils.ts","statementMap":{"0":{"start":{"line":5,"column":2},"end":{"line":5,"column":null}}},"fnMap":{"0":{"name":"cn","decl":{"start":{"line":4,"column":16},"end":{"line":4,"column":18}},"loc":{"start":{"line":4,"column":42},"end":{"line":6,"column":1}}}},"branchMap":{},"s":{"0":0},"f":{"0":0},"b":{}}
,"/Users/auliarachmat/Documents/dpas-microsite/src/pages/benefit/BenefitPage.tsx": {"path":"/Users/auliarachmat/Documents/dpas-microsite/src/pages/benefit/BenefitPage.tsx","statementMap":{"0":{"start":{"line":6,"column":16},"end":{"line":6,"column":40}},"1":{"start":{"line":7,"column":49},"end":{"line":7,"column":67}},"2":{"start":{"line":8,"column":2},"end":{"line":24,"column":null}},"3":{"start":{"line":14,"column":8},"end":{"line":15,"column":null}}},"fnMap":{"0":{"name":"BenefitPage","decl":{"start":{"line":5,"column":24},"end":{"line":5,"column":35}},"loc":{"start":{"line":5,"column":35},"end":{"line":25,"column":1}}},"1":{"name":"(anonymous_1)","decl":{"start":{"line":13,"column":21},"end":{"line":13,"column":22}},"loc":{"start":{"line":14,"column":8},"end":{"line":15,"column":null}}}},"branchMap":{"0":{"loc":{"start":{"line":11,"column":7},"end":{"line":11,"column":68}},"type":"binary-expr","locations":[{"start":{"line":11,"column":7},"end":{"line":11,"column":16}},{"start":{"line":11,"column":20},"end":{"line":11,"column":68}}]},"1":{"loc":{"start":{"line":12,"column":7},"end":{"line":12,"column":90}},"type":"binary-expr","locations":[{"start":{"line":12,"column":7},"end":{"line":12,"column":14}},{"start":{"line":12,"column":18},"end":{"line":12,"column":90}}]}},"s":{"0":0,"1":0,"2":0,"3":0},"f":{"0":0,"1":0},"b":{"0":[0,0],"1":[0,0]}}
,"/Users/auliarachmat/Documents/dpas-microsite/src/pages/benefit/detail/BenefitDetailForm.tsx": {"path":"/Users/auliarachmat/Documents/dpas-microsite/src/pages/benefit/detail/BenefitDetailForm.tsx","statementMap":{"0":{"start":{"line":31,"column":15},"end":{"line":34,"column":2}},"1":{"start":{"line":41,"column":18},"end":{"line":41,"column":42}},"2":{"start":{"line":42,"column":21},"end":{"line":42,"column":34}},"3":{"start":{"line":43,"column":17},"end":{"line":49,"column":6}},"4":{"start":{"line":51,"column":21},"end":{"line":54,"column":5}},"5":{"start":{"line":52,"column":8},"end":{"line":52,"column":null}},"6":{"start":{"line":53,"column":8},"end":{"line":53,"column":null}},"7":{"start":{"line":55,"column":28},"end":{"line":55,"column":43}},"8":{"start":{"line":56,"column":19},"end":{"line":56,"column":46}},"9":{"start":{"line":57,"column":29},"end":{"line":59,"column":5}},"10":{"start":{"line":58,"column":8},"end":{"line":58,"column":null}},"11":{"start":{"line":60,"column":28},"end":{"line":67,"column":5}},"12":{"start":{"line":61,"column":8},"end":{"line":61,"column":42}},"13":{"start":{"line":61,"column":36},"end":{"line":61,"column":42}},"14":{"start":{"line":62,"column":22},"end":{"line":62,"column":59}},"15":{"start":{"line":63,"column":8},"end":{"line":66,"column":9}},"16":{"start":{"line":64,"column":12},"end":{"line":64,"column":null}},"17":{"start":{"line":65,"column":12},"end":{"line":65,"column":null}},"18":{"start":{"line":68,"column":22},"end":{"line":68,"column":44}},"19":{"start":{"line":69,"column":22},"end":{"line":69,"column":85}},"20":{"start":{"line":70,"column":22},"end":{"line":70,"column":44}},"21":{"start":{"line":71,"column":22},"end":{"line":71,"column":99}},"22":{"start":{"line":73,"column":21},"end":{"line":79,"column":38}},"23":{"start":{"line":74,"column":48},"end":{"line":74,"column":95}},"24":{"start":{"line":75,"column":20},"end":{"line":75,"column":104}},"25":{"start":{"line":75,"column":47},"end":{"line":75,"column":103}},"26":{"start":{"line":76,"column":24},"end":{"line":76,"column":65}},"27":{"start":{"line":77,"column":21},"end":{"line":77,"column":64}},"28":{"start":{"line":77,"column":45},"end":{"line":77,"column":63}},"29":{"start":{"line":78,"column":8},"end":{"line":78,"column":null}},"30":{"start":{"line":81,"column":30},"end":{"line":85,"column":null}},"31":{"start":{"line":88,"column":19},"end":{"line":89,"column":67}},"32":{"start":{"line":89,"column":8},"end":{"line":89,"column":67}},"33":{"start":{"line":90,"column":20},"end":{"line":90,"column":34}},"34":{"start":{"line":91,"column":4},"end":{"line":260,"column":null}},"35":{"start":{"line":98,"column":24},"end":{"line":122,"column":null}},"36":{"start":{"line":131,"column":24},"end":{"line":141,"column":null}},"37":{"start":{"line":161,"column":40},"end":{"line":161,"column":null}},"38":{"start":{"line":191,"column":39},"end":{"line":191,"column":55}},"39":{"start":{"line":191,"column":52},"end":{"line":191,"column":54}}},"fnMap":{"0":{"name":"BenefitDetailForm","decl":{"start":{"line":40,"column":24},"end":{"line":40,"column":41}},"loc":{"start":{"line":40,"column":86},"end":{"line":261,"column":1}}},"1":{"name":"(anonymous_1)","decl":{"start":{"line":51,"column":21},"end":{"line":51,"column":22}},"loc":{"start":{"line":51,"column":44},"end":{"line":54,"column":5}}},"2":{"name":"(anonymous_2)","decl":{"start":{"line":57,"column":29},"end":{"line":57,"column":30}},"loc":{"start":{"line":57,"column":53},"end":{"line":59,"column":5}}},"3":{"name":"(anonymous_3)","decl":{"start":{"line":60,"column":28},"end":{"line":60,"column":29}},"loc":{"start":{"line":60,"column":52},"end":{"line":67,"column":5}}},"4":{"name":"(anonymous_4)","decl":{"start":{"line":73,"column":29},"end":{"line":73,"column":32}},"loc":{"start":{"line":73,"column":34},"end":{"line":79,"column":5}}},"5":{"name":"(anonymous_5)","decl":{"start":{"line":75,"column":42},"end":{"line":75,"column":43}},"loc":{"start":{"line":75,"column":47},"end":{"line":75,"column":103}}},"6":{"name":"(anonymous_6)","decl":{"start":{"line":77,"column":40},"end":{"line":77,"column":41}},"loc":{"start":{"line":77,"column":45},"end":{"line":77,"column":63}}},"7":{"name":"(anonymous_7)","decl":{"start":{"line":88,"column":19},"end":{"line":88,"column":20}},"loc":{"start":{"line":89,"column":8},"end":{"line":89,"column":67}}},"8":{"name":"(anonymous_8)","decl":{"start":{"line":97,"column":28},"end":{"line":97,"column":29}},"loc":{"start":{"line":98,"column":24},"end":{"line":122,"column":null}}},"9":{"name":"(anonymous_9)","decl":{"start":{"line":130,"column":28},"end":{"line":130,"column":29}},"loc":{"start":{"line":131,"column":24},"end":{"line":141,"column":null}}},"10":{"name":"(anonymous_10)","decl":{"start":{"line":160,"column":63},"end":{"line":160,"column":64}},"loc":{"start":{"line":161,"column":40},"end":{"line":161,"column":null}}},"11":{"name":"(anonymous_11)","decl":{"start":{"line":191,"column":33},"end":{"line":191,"column":36}},"loc":{"start":{"line":191,"column":39},"end":{"line":191,"column":55}}},"12":{"name":"(anonymous_12)","decl":{"start":{"line":191,"column":47},"end":{"line":191,"column":48}},"loc":{"start":{"line":191,"column":52},"end":{"line":191,"column":54}}}},"branchMap":{"0":{"loc":{"start":{"line":40,"column":65},"end":{"line":40,"column":77}},"type":"default-arg","locations":[{"start":{"line":40,"column":72},"end":{"line":40,"column":77}}]},"1":{"loc":{"start":{"line":61,"column":8},"end":{"line":61,"column":42}},"type":"if","locations":[{"start":{"line":61,"column":8},"end":{"line":61,"column":42}},{"start":{},"end":{}}]},"2":{"loc":{"start":{"line":63,"column":8},"end":{"line":66,"column":9}},"type":"if","locations":[{"start":{"line":63,"column":8},"end":{"line":66,"column":9}},{"start":{},"end":{}}]},"3":{"loc":{"start":{"line":69,"column":22},"end":{"line":69,"column":85}},"type":"cond-expr","locations":[{"start":{"line":69,"column":34},"end":{"line":69,"column":61}},{"start":{"line":69,"column":64},"end":{"line":69,"column":85}}]},"4":{"loc":{"start":{"line":71,"column":22},"end":{"line":71,"column":99}},"type":"cond-expr","locations":[{"start":{"line":71,"column":43},"end":{"line":71,"column":70}},{"start":{"line":71,"column":73},"end":{"line":71,"column":99}}]},"5":{"loc":{"start":{"line":75,"column":87},"end":{"line":75,"column":102}},"type":"binary-expr","locations":[{"start":{"line":75,"column":87},"e
[...]
,"/Users/auliarachmat/Documents/dpas-microsite/src/pages/health-question/HealthQuestionPage.tsx": {"path":"/Users/auliarachmat/Documents/dpas-microsite/src/pages/health-question/HealthQuestionPage.tsx","statementMap":{"0":{"start":{"line":16,"column":18},"end":{"line":16,"column":42}},"1":{"start":{"line":17,"column":21},"end":{"line":17,"column":34}},"2":{"start":{"line":18,"column":40},"end":{"line":18,"column":55}},"3":{"start":{"line":20,"column":19},"end":{"line":26,"column":null}},"4":{"start":{"line":22,"column":12},"end":{"line":25,"column":14}},"5":{"start":{"line":29,"column":17},"end":{"line":33,"column":6}},"6":{"start":{"line":35,"column":21},"end":{"line":39,"column":5}},"7":{"start":{"line":36,"column":29},"end":{"line":36,"column":59}},"8":{"start":{"line":37,"column":8},"end":{"line":38,"column":null}},"9":{"start":{"line":37,"column":26},"end":{"line":37,"column":null}},"10":{"start":{"line":38,"column":13},"end":{"line":38,"column":null}},"11":{"start":{"line":41,"column":4},"end":{"line":132,"column":null}},"12":{"start":{"line":57,"column":44},"end":{"line":70,"column":null}},"13":{"start":{"line":83,"column":44},"end":{"line":96,"column":null}},"14":{"start":{"line":127,"column":33},"end":{"line":127,"column":53}}},"fnMap":{"0":{"name":"HealthQuestionsPage","decl":{"start":{"line":15,"column":24},"end":{"line":15,"column":43}},"loc":{"start":{"line":15,"column":43},"end":{"line":133,"column":1}}},"1":{"name":"(anonymous_1)","decl":{"start":{"line":21,"column":8},"end":{"line":21,"column":11}},"loc":{"start":{"line":22,"column":12},"end":{"line":25,"column":14}}},"2":{"name":"(anonymous_2)","decl":{"start":{"line":35,"column":21},"end":{"line":35,"column":22}},"loc":{"start":{"line":35,"column":39},"end":{"line":39,"column":5}}},"3":{"name":"(anonymous_3)","decl":{"start":{"line":56,"column":48},"end":{"line":56,"column":49}},"loc":{"start":{"line":57,"column":44},"end":{"line":70,"column":null}}},"4":{"name":"(anonymous_4)","decl":{"start":{"line":82,"column":48},"end":{"line":82,"column":49}},"loc":{"start":{"line":83,"column":44},"end":{"line":96,"column":null}}},"5":{"name":"(anonymous_5)","decl":{"start":{"line":127,"column":27},"end":{"line":127,"column":30}},"loc":{"start":{"line":127,"column":33},"end":{"line":127,"column":53}}}},"branchMap":{"0":{"loc":{"start":{"line":36,"column":29},"end":{"line":36,"column":59}},"type":"binary-expr","locations":[{"start":{"line":36,"column":29},"end":{"line":36,"column":42}},{"start":{"line":36,"column":46},"end":{"line":36,"column":59}}]},"1":{"loc":{"start":{"line":37,"column":8},"end":{"line":38,"column":null}},"type":"if","locations":[{"start":{"line":37,"column":8},"end":{"line":38,"column":null}},{"start":{"line":38,"column":13},"end":{"line":38,"column":null}}]}},"s":{"0":0,"1":0,"2":0,"3":0,"4":0,"5":0,"6":0,"7":0,"8":0,"9":0,"10":0,"11":0,"12":0,"13":0,"14":0},"f":{"0":0,"1":0,"2":0,"3":0,"4":0,"5":0},"b":{"0":[0,0],"1":[0,0]}}
,"/Users/auliarachmat/Documents/dpas-microsite/src/pages/home/HomePage.tsx": {"path":"/Users/auliarachmat/Documents/dpas-microsite/src/pages/home/HomePage.tsx","statementMap":{"0":{"start":{"line":9,"column":19},"end":{"line":9,"column":32}},"1":{"start":{"line":10,"column":16},"end":{"line":10,"column":40}},"2":{"start":{"line":11,"column":16},"end":{"line":11,"column":45}},"3":{"start":{"line":13,"column":17},"end":{"line":21,"column":3}},"4":{"start":{"line":14,"column":4},"end":{"line":20,"column":6}},"5":{"start":{"line":23,"column":2},"end":{"line":78,"column":null}},"6":{"start":{"line":40,"column":29},"end":{"line":40,"column":50}}},"fnMap":{"0":{"name":"HomePage","decl":{"start":{"line":8,"column":24},"end":{"line":8,"column":32}},"loc":{"start":{"line":8,"column":32},"end":{"line":79,"column":1}}},"1":{"name":"(anonymous_1)","decl":{"start":{"line":13,"column":17},"end":{"line":13,"column":18}},"loc":{"start":{"line":13,"column":47},"end":{"line":21,"column":3}}},"2":{"name":"(anonymous_2)","decl":{"start":{"line":40,"column":23},"end":{"line":40,"column":26}},"loc":{"start":{"line":40,"column":29},"end":{"line":40,"column":50}}}},"branchMap":{},"s":{"0":0,"1":0,"2":0,"3":0,"4":0,"5":0,"6":0},"f":{"0":0,"1":0,"2":0},"b":{}}
,"/Users/auliarachmat/Documents/dpas-microsite/src/pages/not-found/NotFoundPage.tsx": {"path":"/Users/auliarachmat/Documents/dpas-microsite/src/pages/not-found/NotFoundPage.tsx","statementMap":{"0":{"start":{"line":2,"column":2},"end":{"line":2,"column":null}}},"fnMap":{"0":{"name":"NotFoundPage","decl":{"start":{"line":1,"column":24},"end":{"line":1,"column":36}},"loc":{"start":{"line":1,"column":36},"end":{"line":3,"column":1}}}},"branchMap":{},"s":{"0":0},"f":{"0":0},"b":{}}
,"/Users/auliarachmat/Documents/dpas-microsite/src/pages/pdf/DetailPdf.tsx": {"path":"/Users/auliarachmat/Documents/dpas-microsite/src/pages/pdf/DetailPdf.tsx","statementMap":{"0":{"start":{"line":2,"column":2},"end":{"line":4,"column":null}}},"fnMap":{"0":{"name":"ContentPdf","decl":{"start":{"line":1,"column":24},"end":{"line":1,"column":34}},"loc":{"start":{"line":1,"column":34},"end":{"line":5,"column":1}}}},"branchMap":{},"s":{"0":0},"f":{"0":0},"b":{}}
,"/Users/auliarachmat/Documents/dpas-microsite/src/pages/register/RegisterPage.tsx": {"path":"/Users/auliarachmat/Documents/dpas-microsite/src/pages/register/RegisterPage.tsx","statementMap":{"0":{"start":{"line":21,"column":20},"end":{"line":21,"column":59}},"1":{"start":{"line":22,"column":22},"end":{"line":22,"column":49}},"2":{"start":{"line":25,"column":23},"end":{"line":25,"column":64}},"3":{"start":{"line":28,"column":24},"end":{"line":28,"column":59}},"4":{"start":{"line":31,"column":20},"end":{"line":31,"column":58}},"5":{"start":{"line":34,"column":24},"end":{"line":34,"column":54}},"6":{"start":{"line":37,"column":27},"end":{"line":37,"column":61}},"7":{"start":{"line":42,"column":24},"end":{"line":42,"column":59}},"8":{"start":{"line":45,"column":15},"end":{"line":68,"column":2}},"9":{"start":{"line":71,"column":21},"end":{"line":72,"column":null}},"10":{"start":{"line":72,"column":4},"end":{"line":72,"column":74}},"11":{"start":{"line":76,"column":18},"end":{"line":76,"column":42}},"12":{"start":{"line":78,"column":17},"end":{"line":81,"column":6}},"13":{"start":{"line":83,"column":21},"end":{"line":85,"column":5}},"14":{"start":{"line":84,"column":8},"end":{"line":84,"column":null}},"15":{"start":{"line":87,"column":21},"end":{"line":87,"column":43}},"16":{"start":{"line":88,"column":17},"end":{"line":88,"column":35}},"17":{"start":{"line":89,"column":21},"end":{"line":89,"column":43}},"18":{"start":{"line":91,"column":37},"end":{"line":91,"column":51}},"19":{"start":{"line":92,"column":34},"end":{"line":92,"column":53}},"20":{"start":{"line":93,"column":37},"end":{"line":93,"column":55}},"21":{"start":{"line":94,"column":40},"end":{"line":94,"column":65}},"22":{"start":{"line":95,"column":36},"end":{"line":95,"column":49}},"23":{"start":{"line":96,"column":32},"end":{"line":96,"column":41}},"24":{"start":{"line":97,"column":36},"end":{"line":97,"column":49}},"25":{"start":{"line":98,"column":23},"end":{"line":98,"column":47}},"26":{"start":{"line":99,"column":26},"end":{"line":99,"column":50}},"27":{"start":{"line":101,"column":4},"end":{"line":111,"column":null}},"28":{"start":{"line":102,"column":8},"end":{"line":102,"column":24}},"29":{"start":{"line":102,"column":18},"end":{"line":102,"column":24}},"30":{"start":{"line":103,"column":18},"end":{"line":103,"column":47}},"31":{"start":{"line":104,"column":18},"end":{"line":104,"column":39}},"32":{"start":{"line":105,"column":18},"end":{"line":105,"column":47}},"33":{"start":{"line":106,"column":18},"end":{"line":106,"column":53}},"34":{"start":{"line":107,"column":8},"end":{"line":107,"column":null}},"35":{"start":{"line":107,"column":15},"end":{"line":107,"column":null}},"36":{"start":{"line":108,"column":8},"end":{"line":108,"column":null}},"37":{"start":{"line":108,"column":15},"end":{"line":108,"column":null}},"38":{"start":{"line":109,"column":8},"end":{"line":109,"column":null}},"39":{"start":{"line":109,"column":15},"end":{"line":109,"column":null}},"40":{"start":{"line":110,"column":8},"end":{"line":110,"column":null}},"41":{"start":{"line":110,"column":15},"end":{"line":110,"column":null}},"42":{"start":{"line":113,"column":4},"end":{"line":301,"column":null}},"43":{"start":{"line":128,"column":36},"end":{"line":128,"column":null}},"44":{"start":{"line":167,"column":57},"end":{"line":167,"column":58}},"45":{"start":{"line":170,"column":36},"end":{"line":170,"column":null}},"46":{"start":{"line":181,"column":36},"end":{"line":195,"column":null}},"47":{"start":{"line":186,"column":74},"end":{"line":186,"column":91}},"48":{"start":{"line":189,"column":48},"end":{"line":189,"column":63}},"49":{"start":{"line":210,"column":133},"end":{"line":210,"column":134}},"50":{"start":{"line":212,"column":36},"end":{"line":212,"column":null}},"51":{"start":{"line":219,"column":121},"end":{"line":219,"column":122}},"52":{"start":{"line":221,"column":36},"end":{"line":221,"column":null}},"53":{"start":{"line":228,"column":133},"end":{"line":228,"column":134}},"54":{"start":{"line":230,"column":36},"end":{"line":230,"column":null}},"55":{"start":{"line":237,"column":142},"end":{"line":237,"column":143}},"56":{"start":{"line":239,"column":36},"end":{"line":239,"column":null}},"57":{"start":{"line":252,"column":36},"end":{"line":252,"column":null}},"58":{"start":{"line":261,"column":36},"end":{"line":261,"column":null}},"59":{"start":{"line":276,"column":155},"end":{"line":276,"column":156}},"60":{"start":{"line":278,"column":36},"end":{"line":278,"column":null}}},"fnMap":{"0":{"name":"(anonymous_0)","decl":{"start":{"line":71,"column":21},"end":{"line":71,"column":22}},"loc":{"start":{"line":72,"column":4},"end":{"line":72,"column":74}}},"1":{"name":"RegisterPage","decl":{"start":{"line":75,"column":24},"end":{"line":75,"column":36}},"loc":{"start":{"line":75,"column":36},"end":{"line":302,"column":1}}},"2":{"name":"(anonymous_2)","decl":{"start":{"line":83,"column":21},"end":{"line":83,"column":22}},"loc":{"start":{"line":83,"column":44},"end":{"line":85,"column":5}}},"3":{"name":"(anonymous_3)","decl":{"start":{"line":101,"column":20},"end":{"line":101,"column":23}},"loc":{"start":{"line":101,"column":25},"end":{"line":111,"column":5}}},"4":{"name":"(anonymous_4)","decl":{"start":{"line":127,"column":46},"end":{"line":127,"column":47}},"loc":{"start":{"line":128,"column":36},"end":{"line":128,"column":null}}},"5":{"name":"(anonymous_5)","decl":{"start":{"line":167,"column":41},"end":{"line":167,"column":42}},"loc":{"start":{"line":167,"column":57},"end":{"line":167,"column":58}}},"6":{"name":"(anonymous_6)","decl":{"start":{"line":169,"column":52},"end":{"line":169,"column":53}},"loc":{"start":{"line":170,"column":36},"end":{"line":170,"column":null}}},"7":{"name":"(anonymous_7)","decl":{"start":{"line":180,"column":40},"end":{"line":180,"column":41}},"loc":{"start":{"line":181,"column":36},"end":{"line":195,"column":null}}},"8":{"name":"(anonymous_8)","decl":{"start":{"line":186,"column":59},"end":{"line":186,"column":60}},"loc":{"start":{"line":186,"column":74},"end":{"line":186,"column":91}}},"9":{"name":"(anonymous_9)","decl":{"start":{"line":188,"column":63},"end":{"line":188,"column":64}},"loc":{"start":{"line":189,"column":48},"end":{"line":189,"column":63}}},"10":{"name":"(anonymous_10)","decl":{"start":{"line":210,"column":116},"end":{"line":210,"column":117}},"loc":{"start":{"line":210,"column":133},"end":{"line":210,"column":134}}},"11":{"name":"(anonymous_11)","decl":{"start":{"line":211,"column":47},"end":{"line":211,"column":48}},"loc":{"start":{"line":212,"column":36},"end":{"line":212,"column":null}}},"12":{"name":"(anonymous_12)","decl":{"start":{"line":219,"column":108},"end":{"line":219,"column":109}},"loc":{"start":{"line":219,"column":121},"end":{"line":219,"column":122}}},"13":{"name":"(anonymous_13)","decl":{"start":{"line":220,"column":44},"end":{"line":220,"column":45}},"loc":{"start":{"line":221,"column":36},"end":{"line":221,"column":null}}},"14":{"name":"(anonymous_14)","decl":{"start":{"line":228,"column":116},"end":{"line":228,"column":117}},"loc":{"start":{"line":228,"column":133},"end":{"line":228,"column":134}}},"15":{"name":"(anonymous_15)","decl":{"start":{"line":229,"column":47},"end":{"line":229,"column":48}},"loc":{"start":{"line":230,"column":36},"end":{"line":230,"column":null}}},"16":{"name":"(anonymous_16)","decl":{"start":{"line":237,"column":122},"end":{"line":237,"column":123}},"loc":{"start":{"line":237,"column":142},"end":{"line":237,"column":143}}},"17":{"name":"(anonymous_17)","decl":{"start":{"line":238,"column":50},"end":{"line":238,"column":51}},"loc":{"start":{"line":239,"column":36},"end":{"line":239,"column":null}}},"18":{"name":"(anonymous_18)","decl":{"start":{"line":251,"column":42},"end":{"line":251,"column":43}},"loc":{"start":{"line":252,"column":36},"end":{"line":252,"column":null}}},"19":{"name":"(anonymous_19)","decl":{"start":{"line":260,"column":46},"end":{"line":260,"column":47}},"loc":{"start":{"line":261,"column":36},"end":{"line":261,"column":null}}},"20":{"name":"(anonymous_20)","decl":{"start":{"line":276,"column":138},"end":{"line":276,"column":139}},"loc":{"start":{"line":276,"column":155},"end":{"line":276,"column":156}}},"21":{"name":"(anonymous_21)","decl":{"start":{"line":277,"column":53},"end":{"line":277,"column":54}},"loc":{"start":{"line":278,"column":36},"end":{"line":278,"column":null}}}},"branchMap":{"0":{"loc":{"start":{"line":91,"column":18},"end":{"line":91,"column":32}},"type":"default-arg","locations":[{"start":{"line":91,"column":30},"end":{"line":91,"column":32}}]},"1":{"loc":{"start":{"line":92,"column":18},"end":{"line":92,"column":29}},"type":"default-arg","locations":[{"start":{"line":92,"column":27},"end":{"line":92,"column":29}}]},"2":{"loc":{"start":{"line":93,"column":18},"end":{"line":93,"column":32}},"type":"default-arg","locations":[{"start":{"line":93,"column":30},"end":{"line":93,"column":32}}]},"3":{"loc":{"start":{"line":94,"column":18},"end":{"line":94,"column":35}},"type":"default-arg","locations":[{"start":{"line":94,"column":33},"end":{"line":94,"column":35}}]},"4":{"loc":{"start":{"line":95,"column":18},"end":{"line":95,"column":31}},"type":"default-arg","locations":[{"start":{"line":95,"column":29},"end":{"line":95,"column":31}}]},"5":{"loc":{"start":{"line":96,"column":18},"end":{"line":96,"column":27}},"type":"default-arg","locations":[{"start":{"line":96,"column":25},"end":{"line":96,"column":27}}]},"6":{"loc":{"start":{"line":97,"column":18},"end":{"line":97,"column":31}},"type":"default-arg","locations":[{"start":{"line":97,"column":29},"end":{"line":97,"column":31}}]},"7":{"loc":{"start":{"line":102,"column":8},"end":{"line":102,"column":24}},"type":"if","locations":[{"start":{"line":102,"column":8},"end":{"line":102,"column":24}},{"start":{},"end":{}}]},"8":{"loc":{"start":{"line":107,"column":8},"end":{"line":107,"column":null}},"type":"if","locations":[{"start":{"line":107,"column":8},"end":{"line":107,"column":null}},{"start":{},"end":{}}]},"9":{"loc":{"start":{"line":108,"column":8},"end":{"line":108,"column":null}},"type":"if","locations":[{"start":{"line":108,"column":8},"end":{"line":108,"column":null}},{"start":{},"end":{}}]},"10":{"loc":{"start":{"line":109,"column":8},"end":{"line":109,"column":null}},"type":"if","locations":[{"start":{"line":109,"column":8},"end":{"line":109,"column":null}},{"start":{},"end":{}}]},"11":{"loc":{"start":{"line":110,"column":8},"end":{"line":110,"column":null}},"type":"if","locations":[{"start":{"line":110,"column":8},"end":{"line":110,"column":null}},{"start":{},"end":{}}]},"12":{"loc":{"start":{"line":130,"column":41},"end":{"line":130,"column":104}},"type":"binary-expr","locations":[{"start":{"line":130,"column":41},"end":{"line":130,"column":64}},{"start":{"line":130,"column":68},"end":{"line":130,"column":104}}]},"13":{"loc":{"start":{"line":172,"column":41},"end":{"line":172,"column":110}},"type":"binary-expr","locations":[{"start":{"line":172,"column":41},"end":{"line":172,"column":70}},{"start":{"line":172,"column":74},"end":{"line":172,"column":110}}]},"14":{"loc":{"start":{"line":214,"column":41},"end":{"line":214,"column":105}},"type":"binary-expr","locations":[{"start":{"line":214,"column":41},"end":{"line":214,"column":65}},{"start":{"line":214,"column":69},"end":{"line":214,"column":105}}]},"15":{"loc":{"start":{"line":223,"column":41},"end":{"line":223,"column":102}},"type":"binary-expr","locations":[{"start":{"line":223,"column":41},"end":{"line":223,"column":62}},{"start":{"line":223,"column":66},"end":{"line":223,"column":102}}]},"16":{"loc":{"start":{"line":232,"column":41},"end":{"line":232,"column":105}},"type":"binary-expr","locations":[{"start":{"line":232,"column":41},"end":{"line":232,"column":65}},{"start":{"line":232,"column":69},"end":{"line":232,"column":105}}]},"17":{"loc":{"start":{"line":241,"column":41},"end":{"line":241,"column":108}},"type":"binary-expr","locations":[{"start":{"line":241,"column":41},"end":{"line":241,"column":68}},{"start":{"line":241,"column":72},"end":{"line":241,"column":108}}]},"18":{"loc":{"start":{"line":254,"column":41},"end":{"line":254,"column":100}},"type":"binary-expr","locations":[{"start":{"line":254,"column":41},"end":{"line":254,"column":60}},{"start":{"line":254,"column":64},"end":{"line":254,"column":100}}]},"19":{"loc":{"start":{"line":263,"column":41},"end":{"line":263,"column":104}},"type":"binary-expr","locations":[{"start":{"line":263,"column":41},"end":{"line":263,"column":64}},{"start":{"line":263,"column":68},"end":{"line":263,"column":104}}]},"20":{"loc":{"start":{"line":280,"column":41},"end":{"line":280,"column":111}},"type":"binary-expr","locations":[{"start":{"line":280,"column":41},"end":{"line":280,"column":71}},{"start":{"line":280,"column":75},"end":{"line":280,"column":111}}]}},"s":{"0":0,"1":0,"2":0,"3":0,"4":0,"5":0,"6":0,"7":0,"8":0,"9":0,"10":0,"11":0,"12":0,"13":0,"14":0,"15":0,"16":0,"17":0,"18":0,"19":0,"20":0,"21":0,"22":0,"23":0,"24":0,"25":0,"26":0,"27":0,"28":0,"29":0,"30":0,"31":0,"32":0,"33":0,"34":0,"35":0,"36":0,"37":0,"38":0,"39":0,"40":0,"41":0,"42":0,"43":0,"44":0,"45":0,"46":0,"47":0,"48":0,"49":0,"50":0,"51":0,"52":0,"53":0,"54":0,"55":0,"56":0,"57":0,"58":0,"59":0,"60":0},"f":{"0":0,"1":0,"2":0,"3":0,"4":0,"5":0,"6":0,"7":0,"8":0,"9":0,"10":0,"11":0,"12":0,"13":0,"14":0,"15":0,"16":0,"17":0,"18":0,"19":0,"20":0,"21":0},"b":{"0":[0],"1":[0],"2":[0],"3":[0],"4":[0],"5":[0],"6":[0],"7":[0,0],"8":[0,0],"9":[0,0],"10":[0,0],"11":[0,0],"12":[0,0],"13":[0,0],"14":[0,0],"15":[0,0],"16":[0,0],"17":[0,0],"18":[0,0],"19":[0,0],"20":[0,0]}}
,"/Users/auliarachmat/Documents/dpas-microsite/src/pages/riplay/RiplayPage.tsx": {"path":"/Users/auliarachmat/Documents/dpas-microsite/src/pages/riplay/RiplayPage.tsx","statementMap":{"0":{"start":{"line":13,"column":19},"end":{"line":13,"column":32}},"1":{"start":{"line":14,"column":16},"end":{"line":14,"column":40}},"2":{"start":{"line":16,"column":2},"end":{"line":47,"column":null}},"3":{"start":{"line":32,"column":27},"end":{"line":32,"column":40}},"4":{"start":{"line":38,"column":27},"end":{"line":38,"column":39}}},"fnMap":{"0":{"name":"RiplayPage","decl":{"start":{"line":12,"column":24},"end":{"line":12,"column":34}},"loc":{"start":{"line":12,"column":34},"end":{"line":48,"column":1}}},"1":{"name":"(anonymous_1)","decl":{"start":{"line":32,"column":21},"end":{"line":32,"column":24}},"loc":{"start":{"line":32,"column":27},"end":{"line":32,"column":40}}},"2":{"name":"(anonymous_2)","decl":{"start":{"line":38,"column":21},"end":{"line":38,"column":24}},"loc":{"start":{"line":38,"column":27},"end":{"line":38,"column":39}}}},"branchMap":{},"s":{"0":0,"1":0,"2":0,"3":0,"4":0},"f":{"0":0,"1":0,"2":0},"b":{}}
}
